[2023-11-26 00:04:35 [32mINFO [0;39m restartedMain] [practicegreengram.PracticegreengramApplication] [36mStarting PracticegreengramApplication using Java 17.0.9 with PID 8988 (C:\Users\user3\Desktop\programming\ê¸°ì—…ìš”êµ¬ë¥¼ ë°˜ì˜í•œ í”„ë¡œì íŠ¸ ì¤‘ì‹¬ java ë°±ì—”ë“œ í…ŒìŠ¤íŠ¸ ì£¼ë„ ê°œë°œì ì–‘ì„±ê³¼ì •\SPRING\practicegreengram\target\classes started by user3 in C:\Users\user3\Desktop\programming\ê¸°ì—…ìš”êµ¬ë¥¼ ë°˜ì˜í•œ í”„ë¡œì íŠ¸ ì¤‘ì‹¬ java ë°±ì—”ë“œ í…ŒìŠ¤íŠ¸ ì£¼ë„ ê°œë°œì ì–‘ì„±ê³¼ì •\SPRING\practicegreengram)[0;39m
[2023-11-26 00:04:35 [32mINFO [0;39m restartedMain] [practicegreengram.PracticegreengramApplication] [36mNo active profile set, falling back to 1 default profile: "default"[0;39m
[2023-11-26 00:04:35 [32mINFO [0;39m restartedMain] [org.springframework.boot.devtools.env.DevToolsPropertyDefaultsPostProcessor] [36mDevtools property defaults active! Set 'spring.devtools.add-properties' to 'false' to disable[0;39m
[2023-11-26 00:04:35 [32mINFO [0;39m restartedMain] [org.springframework.boot.devtools.env.DevToolsPropertyDefaultsPostProcessor] [36mFor additional web related logging consider setting the 'logging.level.web' property to 'DEBUG'[0;39m
[2023-11-26 00:04:37 [32mINFO [0;39m restartedMain] [org.springframework.boot.web.embedded.tomcat.TomcatWebServer] [36mTomcat initialized with port 8082 (http)[0;39m
[2023-11-26 00:04:37 [32mINFO [0;39m restartedMain] [org.apache.coyote.http11.Http11NioProtocol] [36mInitializing ProtocolHandler ["http-nio-8082"][0;39m
[2023-11-26 00:04:37 [32mINFO [0;39m restartedMain] [org.apache.catalina.core.StandardService] [36mStarting service [Tomcat][0;39m
[2023-11-26 00:04:37 [32mINFO [0;39m restartedMain] [org.apache.catalina.core.StandardEngine] [36mStarting Servlet engine: [Apache Tomcat/10.1.16][0;39m
[2023-11-26 00:04:37 [32mINFO [0;39m restartedMain] [org.apache.catalina.core.ContainerBase.[Tomcat].[localhost].[/]] [36mInitializing Spring embedded WebApplicationContext[0;39m
[2023-11-26 00:04:37 [32mINFO [0;39m restartedMain] [org.springframework.boot.web.servlet.context.ServletWebServerApplicationContext] [36mRoot WebApplicationContext: initialization completed in 2343 ms[0;39m
[2023-11-26 00:04:38 [32mINFO [0;39m restartedMain] [org.springframework.boot.autoconfigure.web.servlet.WelcomePageHandlerMapping] [36mAdding welcome page: class path resource [static/index.html][0;39m
[2023-11-26 00:04:39 [32mINFO [0;39m restartedMain] [org.springframework.boot.devtools.autoconfigure.OptionalLiveReloadServer] [36mLiveReload server is running on port 35729[0;39m
[2023-11-26 00:04:39 [32mINFO [0;39m restartedMain] [org.apache.coyote.http11.Http11NioProtocol] [36mStarting ProtocolHandler ["http-nio-8082"][0;39m
[2023-11-26 00:04:39 [32mINFO [0;39m restartedMain] [org.springframework.boot.web.embedded.tomcat.TomcatWebServer] [36mTomcat started on port 8082 (http) with context path ''[0;39m
[2023-11-26 00:04:39 [32mINFO [0;39m restartedMain] [practicegreengram.PracticegreengramApplication] [36mStarted PracticegreengramApplication in 5.29 seconds (process running for 6.736)[0;39m
[2023-11-26 00:05:38 [32mINFO [0;39m File Watcher] [org.springframework.boot.devtools.autoconfigure.LocalDevToolsAutoConfiguration$RestartingClassPathChangeChangedEventListener] [36mRestarting due to 1 class path change (0 additions, 1 deletion, 0 modifications)[0;39m
[2023-11-26 00:05:38 [32mINFO [0;39m Thread-5] [org.apache.coyote.http11.Http11NioProtocol] [36mStopping ProtocolHandler ["http-nio-8082"][0;39m
[2023-11-26 00:05:39 [32mINFO [0;39m restartedMain] [practicegreengram.PracticegreengramApplication] [36mStarting PracticegreengramApplication using Java 17.0.9 with PID 8988 (C:\Users\user3\Desktop\programming\ê¸°ì—…ìš”êµ¬ë¥¼ ë°˜ì˜í•œ í”„ë¡œì íŠ¸ ì¤‘ì‹¬ java ë°±ì—”ë“œ í…ŒìŠ¤íŠ¸ ì£¼ë„ ê°œë°œì ì–‘ì„±ê³¼ì •\SPRING\practicegreengram\target\classes started by user3 in C:\Users\user3\Desktop\programming\ê¸°ì—…ìš”êµ¬ë¥¼ ë°˜ì˜í•œ í”„ë¡œì íŠ¸ ì¤‘ì‹¬ java ë°±ì—”ë“œ í…ŒìŠ¤íŠ¸ ì£¼ë„ ê°œë°œì ì–‘ì„±ê³¼ì •\SPRING\practicegreengram)[0;39m
[2023-11-26 00:05:39 [32mINFO [0;39m restartedMain] [practicegreengram.PracticegreengramApplication] [36mNo active profile set, falling back to 1 default profile: "default"[0;39m
[2023-11-26 00:05:40 [32mINFO [0;39m restartedMain] [org.springframework.boot.web.embedded.tomcat.TomcatWebServer] [36mTomcat initialized with port 8082 (http)[0;39m
[2023-11-26 00:05:40 [32mINFO [0;39m restartedMain] [org.apache.coyote.http11.Http11NioProtocol] [36mInitializing ProtocolHandler ["http-nio-8082"][0;39m
[2023-11-26 00:05:40 [32mINFO [0;39m restartedMain] [org.apache.catalina.core.StandardService] [36mStarting service [Tomcat][0;39m
[2023-11-26 00:05:40 [32mINFO [0;39m restartedMain] [org.apache.catalina.core.StandardEngine] [36mStarting Servlet engine: [Apache Tomcat/10.1.16][0;39m
[2023-11-26 00:05:40 [32mINFO [0;39m restartedMain] [org.apache.catalina.core.ContainerBase.[Tomcat].[localhost].[/]] [36mInitializing Spring embedded WebApplicationContext[0;39m
[2023-11-26 00:05:40 [32mINFO [0;39m restartedMain] [org.springframework.boot.web.servlet.context.ServletWebServerApplicationContext] [36mRoot WebApplicationContext: initialization completed in 850 ms[0;39m
[2023-11-26 00:05:40 [32mINFO [0;39m restartedMain] [org.springframework.boot.autoconfigure.web.servlet.WelcomePageHandlerMapping] [36mAdding welcome page: class path resource [static/index.html][0;39m
[2023-11-26 00:05:40 [32mINFO [0;39m restartedMain] [org.springframework.boot.devtools.autoconfigure.OptionalLiveReloadServer] [36mLiveReload server is running on port 35729[0;39m
[2023-11-26 00:05:40 [32mINFO [0;39m restartedMain] [org.apache.coyote.http11.Http11NioProtocol] [36mStarting ProtocolHandler ["http-nio-8082"][0;39m
[2023-11-26 00:05:40 [32mINFO [0;39m restartedMain] [org.springframework.boot.web.embedded.tomcat.TomcatWebServer] [36mTomcat started on port 8082 (http) with context path ''[0;39m
[2023-11-26 00:05:40 [32mINFO [0;39m restartedMain] [practicegreengram.PracticegreengramApplication] [36mStarted PracticegreengramApplication in 1.259 seconds (process running for 68.225)[0;39m
[2023-11-26 00:05:40 [32mINFO [0;39m restartedMain] [org.springframework.boot.devtools.autoconfigure.ConditionEvaluationDeltaLoggingListener] [36mCondition evaluation unchanged[0;39m
[2023-11-26 00:05:43 [32mINFO [0;39m File Watcher] [org.springframework.boot.devtools.autoconfigure.LocalDevToolsAutoConfiguration$RestartingClassPathChangeChangedEventListener] [36mRestarting due to 1 class path change (1 addition, 0 deletions, 0 modifications)[0;39m
[2023-11-26 00:05:43 [32mINFO [0;39m Thread-7] [org.apache.coyote.http11.Http11NioProtocol] [36mStopping ProtocolHandler ["http-nio-8082"][0;39m
[2023-11-26 00:05:43 [32mINFO [0;39m restartedMain] [practicegreengram.PracticegreengramApplication] [36mStarting PracticegreengramApplication using Java 17.0.9 with PID 8988 (C:\Users\user3\Desktop\programming\ê¸°ì—…ìš”êµ¬ë¥¼ ë°˜ì˜í•œ í”„ë¡œì íŠ¸ ì¤‘ì‹¬ java ë°±ì—”ë“œ í…ŒìŠ¤íŠ¸ ì£¼ë„ ê°œë°œì ì–‘ì„±ê³¼ì •\SPRING\practicegreengram\target\classes started by user3 in C:\Users\user3\Desktop\programming\ê¸°ì—…ìš”êµ¬ë¥¼ ë°˜ì˜í•œ í”„ë¡œì íŠ¸ ì¤‘ì‹¬ java ë°±ì—”ë“œ í…ŒìŠ¤íŠ¸ ì£¼ë„ ê°œë°œì ì–‘ì„±ê³¼ì •\SPRING\practicegreengram)[0;39m
[2023-11-26 00:05:43 [32mINFO [0;39m restartedMain] [practicegreengram.PracticegreengramApplication] [36mNo active profile set, falling back to 1 default profile: "default"[0;39m
[2023-11-26 00:05:44 [32mINFO [0;39m restartedMain] [org.springframework.boot.web.embedded.tomcat.TomcatWebServer] [36mTomcat initialized with port 8082 (http)[0;39m
[2023-11-26 00:05:44 [32mINFO [0;39m restartedMain] [org.apache.coyote.http11.Http11NioProtocol] [36mInitializing ProtocolHandler ["http-nio-8082"][0;39m
[2023-11-26 00:05:44 [32mINFO [0;39m restartedMain] [org.apache.catalina.core.StandardService] [36mStarting service [Tomcat][0;39m
[2023-11-26 00:05:44 [32mINFO [0;39m restartedMain] [org.apache.catalina.core.StandardEngine] [36mStarting Servlet engine: [Apache Tomcat/10.1.16][0;39m
[2023-11-26 00:05:44 [32mINFO [0;39m restartedMain] [org.apache.catalina.core.ContainerBase.[Tomcat].[localhost].[/]] [36mInitializing Spring embedded WebApplicationContext[0;39m
[2023-11-26 00:05:44 [32mINFO [0;39m restartedMain] [org.springframework.boot.web.servlet.context.ServletWebServerApplicationContext] [36mRoot WebApplicationContext: initialization completed in 605 ms[0;39m
[2023-11-26 00:05:44 [32mINFO [0;39m restartedMain] [org.springframework.boot.autoconfigure.web.servlet.WelcomePageHandlerMapping] [36mAdding welcome page: class path resource [static/index.html][0;39m
[2023-11-26 00:05:44 [32mINFO [0;39m restartedMain] [org.springframework.boot.devtools.autoconfigure.OptionalLiveReloadServer] [36mLiveReload server is running on port 35729[0;39m
[2023-11-26 00:05:44 [32mINFO [0;39m restartedMain] [org.apache.coyote.http11.Http11NioProtocol] [36mStarting ProtocolHandler ["http-nio-8082"][0;39m
[2023-11-26 00:05:44 [32mINFO [0;39m restartedMain] [org.springframework.boot.web.embedded.tomcat.TomcatWebServer] [36mTomcat started on port 8082 (http) with context path ''[0;39m
[2023-11-26 00:05:44 [32mINFO [0;39m restartedMain] [practicegreengram.PracticegreengramApplication] [36mStarted PracticegreengramApplication in 0.902 seconds (process running for 71.808)[0;39m
[2023-11-26 00:05:44 [32mINFO [0;39m restartedMain] [org.springframework.boot.devtools.autoconfigure.ConditionEvaluationDeltaLoggingListener] [36mCondition evaluation unchanged[0;39m
[2023-11-26 00:05:55 [32mINFO [0;39m http-nio-8082-exec-2] [org.apache.catalina.core.ContainerBase.[Tomcat].[localhost].[/]] [36mInitializing Spring DispatcherServlet 'dispatcherServlet'[0;39m
[2023-11-26 00:05:55 [32mINFO [0;39m http-nio-8082-exec-2] [org.springframework.web.servlet.DispatcherServlet] [36mInitializing Servlet 'dispatcherServlet'[0;39m
[2023-11-26 00:05:55 [32mINFO [0;39m http-nio-8082-exec-2] [org.springframework.web.servlet.DispatcherServlet] [36mCompleted initialization in 1 ms[0;39m
[2023-11-26 00:05:55 [33mWARN [0;39m http-nio-8082-exec-2] [org.springframework.web.servlet.mvc.support.DefaultHandlerExceptionResolver] [36mResolved [org.springframework.web.bind.MissingServletRequestParameterException: Required request parameter 'target_iuser' for method parameter type int is not present][0;39m
[2023-11-26 00:06:01 [32mINFO [0;39m http-nio-8082-exec-6] [com.zaxxer.hikari.HikariDataSource] [36mHikariPool-1 - Starting...[0;39m
[2023-11-26 00:06:01 [32mINFO [0;39m http-nio-8082-exec-6] [com.zaxxer.hikari.pool.HikariPool] [36mHikariPool-1 - Added connection org.mariadb.jdbc.Connection@2e6ac78[0;39m
[2023-11-26 00:06:01 [32mINFO [0;39m http-nio-8082-exec-6] [com.zaxxer.hikari.HikariDataSource] [36mHikariPool-1 - Start completed.[0;39m
[2023-11-26 00:06:01 [33mWARN [0;39m http-nio-8082-exec-6] [org.mariadb.jdbc.message.server.ErrorPacket] [36mError: 1064-42000: You have an error in your SQL syntax; check the manual that corresponds to your MariaDB server version for the right syntax to use near 'from t_user a
        left join t_feed b
        on a.iuser= b.iuser
        ...' at line 5[0;39m
[2023-11-26 00:06:01 [31mERROR[0;39m http-nio-8082-exec-6] [org.apache.catalina.core.ContainerBase.[Tomcat].[localhost].[/].[dispatcherServlet]] [36mServlet.service() for servlet [dispatcherServlet] in context with path [] threw exception [Request processing failed: org.springframework.jdbc.BadSqlGrammarException: 
### Error querying database.  Cause: java.sql.SQLSyntaxErrorException: (conn=595) You have an error in your SQL syntax; check the manual that corresponds to your MariaDB server version for the right syntax to use near 'from t_user a
        left join t_feed b
        on a.iuser= b.iuser
        ...' at line 5
### The error may exist in file [C:\Users\user3\Desktop\programming\ê¸°ì—…ìš”êµ¬ë¥¼ ë°˜ì˜í•œ í”„ë¡œì íŠ¸ ì¤‘ì‹¬ java ë°±ì—”ë“œ í…ŒìŠ¤íŠ¸ ì£¼ë„ ê°œë°œì ì–‘ì„±ê³¼ì •\SPRING\practicegreengram\target\classes\mappers\UserMapper.xml]
### The error may involve defaultParameterMap
### The error occurred while setting parameters
### SQL: select a.nm, a.pic,         a.created_at as createdAt,         count(distinct b.ifeed) as feedCnt,         count(c.iuser) as favCnt;         from t_user a         left join t_feed b         on a.iuser= b.iuser         left join t_feed_fav c         on b.ifeed= c.ifeed         where a.iuser= ?
### Cause: java.sql.SQLSyntaxErrorException: (conn=595) You have an error in your SQL syntax; check the manual that corresponds to your MariaDB server version for the right syntax to use near 'from t_user a
        left join t_feed b
        on a.iuser= b.iuser
        ...' at line 5
; bad SQL grammar []] with root cause[0;39m
java.sql.SQLSyntaxErrorException: (conn=595) You have an error in your SQL syntax; check the manual that corresponds to your MariaDB server version for the right syntax to use near 'from t_user a
        left join t_feed b
        on a.iuser= b.iuser
        ...' at line 5
	at org.mariadb.jdbc.export.ExceptionFactory.createException(ExceptionFactory.java:282)
	at org.mariadb.jdbc.export.ExceptionFactory.create(ExceptionFactory.java:370)
	at org.mariadb.jdbc.message.ClientMessage.readPacket(ClientMessage.java:134)
	at org.mariadb.jdbc.client.impl.StandardClient.readPacket(StandardClient.java:883)
	at org.mariadb.jdbc.client.impl.StandardClient.readResults(StandardClient.java:822)
	at org.mariadb.jdbc.client.impl.StandardClient.readResponse(StandardClient.java:741)
	at org.mariadb.jdbc.client.impl.StandardClient.execute(StandardClient.java:665)
	at org.mariadb.jdbc.ClientPreparedStatement.executeInternal(ClientPreparedStatement.java:92)
	at org.mariadb.jdbc.ClientPreparedStatement.execute(ClientPreparedStatement.java:271)
	at com.zaxxer.hikari.pool.ProxyPreparedStatement.execute(ProxyPreparedStatement.java:44)
	at com.zaxxer.hikari.pool.HikariProxyPreparedStatement.execute(HikariProxyPreparedStatement.java)
	at org.apache.ibatis.executor.statement.PreparedStatementHandler.query(PreparedStatementHandler.java:65)
	at org.apache.ibatis.executor.statement.RoutingStatementHandler.query(RoutingStatementHandler.java:80)
	at org.apache.ibatis.executor.SimpleExecutor.doQuery(SimpleExecutor.java:65)
	at org.apache.ibatis.executor.BaseExecutor.queryFromDatabase(BaseExecutor.java:336)
	at org.apache.ibatis.executor.BaseExecutor.query(BaseExecutor.java:158)
	at org.apache.ibatis.executor.CachingExecutor.query(CachingExecutor.java:110)
	at org.apache.ibatis.executor.CachingExecutor.query(CachingExecutor.java:90)
	at org.apache.ibatis.session.defaults.DefaultSqlSession.selectList(DefaultSqlSession.java:154)
	at org.apache.ibatis.session.defaults.DefaultSqlSession.selectList(DefaultSqlSession.java:147)
	at org.apache.ibatis.session.defaults.DefaultSqlSession.selectList(DefaultSqlSession.java:142)
	at org.apache.ibatis.session.defaults.DefaultSqlSession.selectOne(DefaultSqlSession.java:75)
	at java.base/jdk.internal.reflect.NativeMethodAccessorImpl.invoke0(Native Method)
	at java.base/jdk.internal.reflect.NativeMethodAccessorImpl.invoke(NativeMethodAccessorImpl.java:77)
	at java.base/jdk.internal.reflect.DelegatingMethodAccessorImpl.invoke(DelegatingMethodAccessorImpl.java:43)
	at java.base/java.lang.reflect.Method.invoke(Method.java:568)
	at org.mybatis.spring.SqlSessionTemplate$SqlSessionInterceptor.invoke(SqlSessionTemplate.java:425)
	at jdk.proxy2/jdk.proxy2.$Proxy73.selectOne(Unknown Source)
	at org.mybatis.spring.SqlSessionTemplate.selectOne(SqlSessionTemplate.java:160)
	at org.apache.ibatis.binding.MapperMethod.execute(MapperMethod.java:87)
	at org.apache.ibatis.binding.MapperProxy$PlainMethodInvoker.invoke(MapperProxy.java:141)
	at org.apache.ibatis.binding.MapperProxy.invoke(MapperProxy.java:86)
	at jdk.proxy5/jdk.proxy5.$Proxy96.selUserInfo(Unknown Source)
	at practicegreengram.user.UserService.getUserInfo(UserService.java:61)
	at practicegreengram.user.UserController.getUserInfo(UserController.java:49)
	at java.base/jdk.internal.reflect.NativeMethodAccessorImpl.invoke0(Native Method)
	at java.base/jdk.internal.reflect.NativeMethodAccessorImpl.invoke(NativeMethodAccessorImpl.java:77)
	at java.base/jdk.internal.reflect.DelegatingMethodAccessorImpl.invoke(DelegatingMethodAccessorImpl.java:43)
	at java.base/java.lang.reflect.Method.invoke(Method.java:568)
	at org.springframework.web.method.support.InvocableHandlerMethod.doInvoke(InvocableHandlerMethod.java:254)
	at org.springframework.web.method.support.InvocableHandlerMethod.invokeForRequest(InvocableHandlerMethod.java:182)
	at org.springframework.web.servlet.mvc.method.annotation.ServletInvocableHandlerMethod.invokeAndHandle(ServletInvocableHandlerMethod.java:118)
	at org.springframework.web.servlet.mvc.method.annotation.RequestMappingHandlerAdapter.invokeHandlerMethod(RequestMappingHandlerAdapter.java:917)
	at org.springframework.web.servlet.mvc.method.annotation.RequestMappingHandlerAdapter.handleInternal(RequestMappingHandlerAdapter.java:829)
	at org.springframework.web.servlet.mvc.method.AbstractHandlerMethodAdapter.handle(AbstractHandlerMethodAdapter.java:87)
	at org.springframework.web.servlet.DispatcherServlet.doDispatch(DispatcherServlet.java:1089)
	at org.springframework.web.servlet.DispatcherServlet.doService(DispatcherServlet.java:979)
	at org.springframework.web.servlet.FrameworkServlet.processRequest(FrameworkServlet.java:1014)
	at org.springframework.web.servlet.FrameworkServlet.doGet(FrameworkServlet.java:903)
	at jakarta.servlet.http.HttpServlet.service(HttpServlet.java:564)
	at org.springframework.web.servlet.FrameworkServlet.service(FrameworkServlet.java:885)
	at jakarta.servlet.http.HttpServlet.service(HttpServlet.java:658)
	at org.apache.catalina.core.ApplicationFilterChain.internalDoFilter(ApplicationFilterChain.java:205)
	at org.apache.catalina.core.ApplicationFilterChain.doFilter(ApplicationFilterChain.java:149)
	at org.apache.tomcat.websocket.server.WsFilter.doFilter(WsFilter.java:51)
	at org.apache.catalina.core.ApplicationFilterChain.internalDoFilter(ApplicationFilterChain.java:174)
	at org.apache.catalina.core.ApplicationFilterChain.doFilter(ApplicationFilterChain.java:149)
	at org.springframework.web.filter.RequestContextFilter.doFilterInternal(RequestContextFilter.java:100)
	at org.springframework.web.filter.OncePerRequestFilter.doFilter(OncePerRequestFilter.java:116)
	at org.apache.catalina.core.ApplicationFilterChain.internalDoFilter(ApplicationFilterChain.java:174)
	at org.apache.catalina.core.ApplicationFilterChain.doFilter(ApplicationFilterChain.java:149)
	at org.springframework.web.filter.FormContentFilter.doFilterInternal(FormContentFilter.java:93)
	at org.springframework.web.filter.OncePerRequestFilter.doFilter(OncePerRequestFilter.java:116)
	at org.apache.catalina.core.ApplicationFilterChain.internalDoFilter(ApplicationFilterChain.java:174)
	at org.apache.catalina.core.ApplicationFilterChain.doFilter(ApplicationFilterChain.java:149)
	at org.springframework.web.filter.CharacterEncodingFilter.doFilterInternal(CharacterEncodingFilter.java:201)
	at org.springframework.web.filter.OncePerRequestFilter.doFilter(OncePerRequestFilter.java:116)
	at org.apache.catalina.core.ApplicationFilterChain.internalDoFilter(ApplicationFilterChain.java:174)
	at org.apache.catalina.core.ApplicationFilterChain.doFilter(ApplicationFilterChain.java:149)
	at org.apache.catalina.core.StandardWrapperValve.invoke(StandardWrapperValve.java:167)
	at org.apache.catalina.core.StandardContextValve.invoke(StandardContextValve.java:90)
	at org.apache.catalina.authenticator.AuthenticatorBase.invoke(AuthenticatorBase.java:482)
	at org.apache.catalina.core.StandardHostValve.invoke(StandardHostValve.java:115)
	at org.apache.catalina.valves.ErrorReportValve.invoke(ErrorReportValve.java:93)
	at org.apache.catalina.core.StandardEngineValve.invoke(StandardEngineValve.java:74)
	at org.apache.catalina.connector.CoyoteAdapter.service(CoyoteAdapter.java:340)
	at org.apache.coyote.http11.Http11Processor.service(Http11Processor.java:391)
	at org.apache.coyote.AbstractProcessorLight.process(AbstractProcessorLight.java:63)
	at org.apache.coyote.AbstractProtocol$ConnectionHandler.process(AbstractProtocol.java:896)
	at org.apache.tomcat.util.net.NioEndpoint$SocketProcessor.doRun(NioEndpoint.java:1744)
	at org.apache.tomcat.util.net.SocketProcessorBase.run(SocketProcessorBase.java:52)
	at org.apache.tomcat.util.threads.ThreadPoolExecutor.runWorker(ThreadPoolExecutor.java:1191)
	at org.apache.tomcat.util.threads.ThreadPoolExecutor$Worker.run(ThreadPoolExecutor.java:659)
	at org.apache.tomcat.util.threads.TaskThread$WrappingRunnable.run(TaskThread.java:61)
	at java.base/java.lang.Thread.run(Thread.java:840)
[2023-11-26 00:07:08 [32mINFO [0;39m SpringApplicationShutdownHook] [com.zaxxer.hikari.HikariDataSource] [36mHikariPool-1 - Shutdown initiated...[0;39m
[2023-11-26 00:07:08 [32mINFO [0;39m SpringApplicationShutdownHook] [com.zaxxer.hikari.HikariDataSource] [36mHikariPool-1 - Shutdown completed.[0;39m
[2023-11-26 00:07:13 [32mINFO [0;39m restartedMain] [practicegreengram.PracticegreengramApplication] [36mStarting PracticegreengramApplication using Java 17.0.9 with PID 15720 (C:\Users\user3\Desktop\programming\ê¸°ì—…ìš”êµ¬ë¥¼ ë°˜ì˜í•œ í”„ë¡œì íŠ¸ ì¤‘ì‹¬ java ë°±ì—”ë“œ í…ŒìŠ¤íŠ¸ ì£¼ë„ ê°œë°œì ì–‘ì„±ê³¼ì •\SPRING\practicegreengram\target\classes started by user3 in C:\Users\user3\Desktop\programming\ê¸°ì—…ìš”êµ¬ë¥¼ ë°˜ì˜í•œ í”„ë¡œì íŠ¸ ì¤‘ì‹¬ java ë°±ì—”ë“œ í…ŒìŠ¤íŠ¸ ì£¼ë„ ê°œë°œì ì–‘ì„±ê³¼ì •\SPRING\practicegreengram)[0;39m
[2023-11-26 00:07:13 [32mINFO [0;39m restartedMain] [practicegreengram.PracticegreengramApplication] [36mNo active profile set, falling back to 1 default profile: "default"[0;39m
[2023-11-26 00:07:14 [32mINFO [0;39m restartedMain] [org.springframework.boot.devtools.env.DevToolsPropertyDefaultsPostProcessor] [36mDevtools property defaults active! Set 'spring.devtools.add-properties' to 'false' to disable[0;39m
[2023-11-26 00:07:14 [32mINFO [0;39m restartedMain] [org.springframework.boot.devtools.env.DevToolsPropertyDefaultsPostProcessor] [36mFor additional web related logging consider setting the 'logging.level.web' property to 'DEBUG'[0;39m
[2023-11-26 00:07:16 [32mINFO [0;39m restartedMain] [org.springframework.boot.web.embedded.tomcat.TomcatWebServer] [36mTomcat initialized with port 8082 (http)[0;39m
[2023-11-26 00:07:16 [32mINFO [0;39m restartedMain] [org.apache.coyote.http11.Http11NioProtocol] [36mInitializing ProtocolHandler ["http-nio-8082"][0;39m
[2023-11-26 00:07:16 [32mINFO [0;39m restartedMain] [org.apache.catalina.core.StandardService] [36mStarting service [Tomcat][0;39m
[2023-11-26 00:07:16 [32mINFO [0;39m restartedMain] [org.apache.catalina.core.StandardEngine] [36mStarting Servlet engine: [Apache Tomcat/10.1.16][0;39m
[2023-11-26 00:07:16 [32mINFO [0;39m restartedMain] [org.apache.catalina.core.ContainerBase.[Tomcat].[localhost].[/]] [36mInitializing Spring embedded WebApplicationContext[0;39m
[2023-11-26 00:07:16 [32mINFO [0;39m restartedMain] [org.springframework.boot.web.servlet.context.ServletWebServerApplicationContext] [36mRoot WebApplicationContext: initialization completed in 2663 ms[0;39m
[2023-11-26 00:07:17 [32mINFO [0;39m restartedMain] [org.springframework.boot.autoconfigure.web.servlet.WelcomePageHandlerMapping] [36mAdding welcome page: class path resource [static/index.html][0;39m
[2023-11-26 00:07:17 [32mINFO [0;39m restartedMain] [org.springframework.boot.devtools.autoconfigure.OptionalLiveReloadServer] [36mLiveReload server is running on port 35729[0;39m
[2023-11-26 00:07:17 [32mINFO [0;39m restartedMain] [org.apache.coyote.http11.Http11NioProtocol] [36mStarting ProtocolHandler ["http-nio-8082"][0;39m
[2023-11-26 00:07:17 [32mINFO [0;39m restartedMain] [org.springframework.boot.web.embedded.tomcat.TomcatWebServer] [36mTomcat started on port 8082 (http) with context path ''[0;39m
[2023-11-26 00:07:17 [32mINFO [0;39m restartedMain] [practicegreengram.PracticegreengramApplication] [36mStarted PracticegreengramApplication in 5.591 seconds (process running for 7.063)[0;39m
[2023-11-26 00:07:22 [32mINFO [0;39m http-nio-8082-exec-2] [org.apache.catalina.core.ContainerBase.[Tomcat].[localhost].[/]] [36mInitializing Spring DispatcherServlet 'dispatcherServlet'[0;39m
[2023-11-26 00:07:22 [32mINFO [0;39m http-nio-8082-exec-2] [org.springframework.web.servlet.DispatcherServlet] [36mInitializing Servlet 'dispatcherServlet'[0;39m
[2023-11-26 00:07:22 [32mINFO [0;39m http-nio-8082-exec-2] [org.springframework.web.servlet.DispatcherServlet] [36mCompleted initialization in 1 ms[0;39m
[2023-11-26 00:07:23 [32mINFO [0;39m http-nio-8082-exec-2] [com.zaxxer.hikari.HikariDataSource] [36mHikariPool-1 - Starting...[0;39m
[2023-11-26 00:07:23 [32mINFO [0;39m http-nio-8082-exec-2] [com.zaxxer.hikari.pool.HikariPool] [36mHikariPool-1 - Added connection org.mariadb.jdbc.Connection@5168cf52[0;39m
[2023-11-26 00:07:23 [32mINFO [0;39m http-nio-8082-exec-2] [com.zaxxer.hikari.HikariDataSource] [36mHikariPool-1 - Start completed.[0;39m
[2023-11-26 00:09:39 [32mINFO [0;39m SpringApplicationShutdownHook] [com.zaxxer.hikari.HikariDataSource] [36mHikariPool-1 - Shutdown initiated...[0;39m
[2023-11-26 00:09:39 [32mINFO [0;39m SpringApplicationShutdownHook] [com.zaxxer.hikari.HikariDataSource] [36mHikariPool-1 - Shutdown completed.[0;39m
[2023-11-26 13:45:28 [32mINFO [0;39m restartedMain] [practicegreengram.PracticegreengramApplication] [36mStarting PracticegreengramApplication using Java 17.0.9 with PID 12528 (C:\Users\user3\Desktop\programming\ê¸°ì—…ìš”êµ¬ë¥¼ ë°˜ì˜í•œ í”„ë¡œì íŠ¸ ì¤‘ì‹¬ java ë°±ì—”ë“œ í…ŒìŠ¤íŠ¸ ì£¼ë„ ê°œë°œì ì–‘ì„±ê³¼ì •\SPRING\practicegreengram\target\classes started by user3 in C:\Users\user3\Desktop\programming\ê¸°ì—…ìš”êµ¬ë¥¼ ë°˜ì˜í•œ í”„ë¡œì íŠ¸ ì¤‘ì‹¬ java ë°±ì—”ë“œ í…ŒìŠ¤íŠ¸ ì£¼ë„ ê°œë°œì ì–‘ì„±ê³¼ì •\SPRING\practicegreengram)[0;39m
[2023-11-26 13:45:28 [32mINFO [0;39m restartedMain] [practicegreengram.PracticegreengramApplication] [36mNo active profile set, falling back to 1 default profile: "default"[0;39m
[2023-11-26 13:45:28 [32mINFO [0;39m restartedMain] [org.springframework.boot.devtools.env.DevToolsPropertyDefaultsPostProcessor] [36mDevtools property defaults active! Set 'spring.devtools.add-properties' to 'false' to disable[0;39m
[2023-11-26 13:45:28 [32mINFO [0;39m restartedMain] [org.springframework.boot.devtools.env.DevToolsPropertyDefaultsPostProcessor] [36mFor additional web related logging consider setting the 'logging.level.web' property to 'DEBUG'[0;39m
[2023-11-26 13:45:30 [32mINFO [0;39m restartedMain] [org.springframework.boot.web.embedded.tomcat.TomcatWebServer] [36mTomcat initialized with port 8082 (http)[0;39m
[2023-11-26 13:45:30 [32mINFO [0;39m restartedMain] [org.apache.coyote.http11.Http11NioProtocol] [36mInitializing ProtocolHandler ["http-nio-8082"][0;39m
[2023-11-26 13:45:30 [32mINFO [0;39m restartedMain] [org.apache.catalina.core.StandardService] [36mStarting service [Tomcat][0;39m
[2023-11-26 13:45:30 [32mINFO [0;39m restartedMain] [org.apache.catalina.core.StandardEngine] [36mStarting Servlet engine: [Apache Tomcat/10.1.16][0;39m
[2023-11-26 13:45:30 [32mINFO [0;39m restartedMain] [org.apache.catalina.core.ContainerBase.[Tomcat].[localhost].[/]] [36mInitializing Spring embedded WebApplicationContext[0;39m
[2023-11-26 13:45:30 [32mINFO [0;39m restartedMain] [org.springframework.boot.web.servlet.context.ServletWebServerApplicationContext] [36mRoot WebApplicationContext: initialization completed in 2146 ms[0;39m
[2023-11-26 13:45:30 [32mINFO [0;39m restartedMain] [org.springframework.boot.autoconfigure.web.servlet.WelcomePageHandlerMapping] [36mAdding welcome page: class path resource [static/index.html][0;39m
[2023-11-26 13:45:31 [32mINFO [0;39m restartedMain] [org.springframework.boot.devtools.autoconfigure.OptionalLiveReloadServer] [36mLiveReload server is running on port 35729[0;39m
[2023-11-26 13:45:31 [32mINFO [0;39m restartedMain] [org.apache.coyote.http11.Http11NioProtocol] [36mStarting ProtocolHandler ["http-nio-8082"][0;39m
[2023-11-26 13:45:31 [32mINFO [0;39m restartedMain] [org.springframework.boot.web.embedded.tomcat.TomcatWebServer] [36mTomcat started on port 8082 (http) with context path ''[0;39m
[2023-11-26 13:45:31 [32mINFO [0;39m restartedMain] [practicegreengram.PracticegreengramApplication] [36mStarted PracticegreengramApplication in 4.48 seconds (process running for 10.183)[0;39m
[2023-11-26 13:45:43 [32mINFO [0;39m http-nio-8082-exec-1] [org.apache.catalina.core.ContainerBase.[Tomcat].[localhost].[/]] [36mInitializing Spring DispatcherServlet 'dispatcherServlet'[0;39m
[2023-11-26 13:45:43 [32mINFO [0;39m http-nio-8082-exec-1] [org.springframework.web.servlet.DispatcherServlet] [36mInitializing Servlet 'dispatcherServlet'[0;39m
[2023-11-26 13:45:43 [32mINFO [0;39m http-nio-8082-exec-1] [org.springframework.web.servlet.DispatcherServlet] [36mCompleted initialization in 2 ms[0;39m
[2023-11-26 13:46:38 [32mINFO [0;39m http-nio-8082-exec-5] [com.zaxxer.hikari.HikariDataSource] [36mHikariPool-1 - Starting...[0;39m
[2023-11-26 13:46:38 [32mINFO [0;39m http-nio-8082-exec-5] [com.zaxxer.hikari.pool.HikariPool] [36mHikariPool-1 - Added connection org.mariadb.jdbc.Connection@55aabfa6[0;39m
[2023-11-26 13:46:38 [32mINFO [0;39m http-nio-8082-exec-5] [com.zaxxer.hikari.HikariDataSource] [36mHikariPool-1 - Start completed.[0;39m
[2023-11-26 13:47:08 [32mINFO [0;39m SpringApplicationShutdownHook] [com.zaxxer.hikari.HikariDataSource] [36mHikariPool-1 - Shutdown initiated...[0;39m
[2023-11-26 13:47:08 [32mINFO [0;39m SpringApplicationShutdownHook] [com.zaxxer.hikari.HikariDataSource] [36mHikariPool-1 - Shutdown completed.[0;39m
[2023-11-26 14:10:55 [32mINFO [0;39m restartedMain] [practicegreengram.PracticegreengramApplication] [36mStarting PracticegreengramApplication using Java 17.0.9 with PID 9716 (C:\Users\user3\Desktop\programming\ê¸°ì—…ìš”êµ¬ë¥¼ ë°˜ì˜í•œ í”„ë¡œì íŠ¸ ì¤‘ì‹¬ java ë°±ì—”ë“œ í…ŒìŠ¤íŠ¸ ì£¼ë„ ê°œë°œì ì–‘ì„±ê³¼ì •\SPRING\practicegreengram\target\classes started by user3 in C:\Users\user3\Desktop\programming\ê¸°ì—…ìš”êµ¬ë¥¼ ë°˜ì˜í•œ í”„ë¡œì íŠ¸ ì¤‘ì‹¬ java ë°±ì—”ë“œ í…ŒìŠ¤íŠ¸ ì£¼ë„ ê°œë°œì ì–‘ì„±ê³¼ì •\SPRING\practicegreengram)[0;39m
[2023-11-26 14:10:55 [32mINFO [0;39m restartedMain] [practicegreengram.PracticegreengramApplication] [36mNo active profile set, falling back to 1 default profile: "default"[0;39m
[2023-11-26 14:10:55 [32mINFO [0;39m restartedMain] [org.springframework.boot.devtools.env.DevToolsPropertyDefaultsPostProcessor] [36mDevtools property defaults active! Set 'spring.devtools.add-properties' to 'false' to disable[0;39m
[2023-11-26 14:10:55 [32mINFO [0;39m restartedMain] [org.springframework.boot.devtools.env.DevToolsPropertyDefaultsPostProcessor] [36mFor additional web related logging consider setting the 'logging.level.web' property to 'DEBUG'[0;39m
[2023-11-26 14:10:57 [32mINFO [0;39m restartedMain] [org.springframework.boot.web.embedded.tomcat.TomcatWebServer] [36mTomcat initialized with port 8082 (http)[0;39m
[2023-11-26 14:10:57 [32mINFO [0;39m restartedMain] [org.apache.coyote.http11.Http11NioProtocol] [36mInitializing ProtocolHandler ["http-nio-8082"][0;39m
[2023-11-26 14:10:57 [32mINFO [0;39m restartedMain] [org.apache.catalina.core.StandardService] [36mStarting service [Tomcat][0;39m
[2023-11-26 14:10:57 [32mINFO [0;39m restartedMain] [org.apache.catalina.core.StandardEngine] [36mStarting Servlet engine: [Apache Tomcat/10.1.16][0;39m
[2023-11-26 14:10:57 [32mINFO [0;39m restartedMain] [org.apache.catalina.core.ContainerBase.[Tomcat].[localhost].[/]] [36mInitializing Spring embedded WebApplicationContext[0;39m
[2023-11-26 14:10:57 [32mINFO [0;39m restartedMain] [org.springframework.boot.web.servlet.context.ServletWebServerApplicationContext] [36mRoot WebApplicationContext: initialization completed in 2117 ms[0;39m
[2023-11-26 14:10:57 [32mINFO [0;39m restartedMain] [org.springframework.boot.autoconfigure.web.servlet.WelcomePageHandlerMapping] [36mAdding welcome page: class path resource [static/index.html][0;39m
[2023-11-26 14:10:58 [32mINFO [0;39m restartedMain] [org.springframework.boot.devtools.autoconfigure.OptionalLiveReloadServer] [36mLiveReload server is running on port 35729[0;39m
[2023-11-26 14:10:58 [32mINFO [0;39m restartedMain] [org.apache.coyote.http11.Http11NioProtocol] [36mStarting ProtocolHandler ["http-nio-8082"][0;39m
[2023-11-26 14:10:58 [32mINFO [0;39m restartedMain] [org.springframework.boot.web.embedded.tomcat.TomcatWebServer] [36mTomcat started on port 8082 (http) with context path ''[0;39m
[2023-11-26 14:10:58 [32mINFO [0;39m restartedMain] [practicegreengram.PracticegreengramApplication] [36mStarted PracticegreengramApplication in 5.086 seconds (process running for 6.556)[0;39m
[2023-11-26 14:11:12 [32mINFO [0;39m http-nio-8082-exec-1] [org.apache.catalina.core.ContainerBase.[Tomcat].[localhost].[/]] [36mInitializing Spring DispatcherServlet 'dispatcherServlet'[0;39m
[2023-11-26 14:11:12 [32mINFO [0;39m http-nio-8082-exec-1] [org.springframework.web.servlet.DispatcherServlet] [36mInitializing Servlet 'dispatcherServlet'[0;39m
[2023-11-26 14:11:12 [32mINFO [0;39m http-nio-8082-exec-1] [org.springframework.web.servlet.DispatcherServlet] [36mCompleted initialization in 2 ms[0;39m
[2023-11-26 14:11:16 [32mINFO [0;39m http-nio-8082-exec-7] [com.zaxxer.hikari.HikariDataSource] [36mHikariPool-1 - Starting...[0;39m
[2023-11-26 14:11:16 [32mINFO [0;39m http-nio-8082-exec-7] [com.zaxxer.hikari.pool.HikariPool] [36mHikariPool-1 - Added connection org.mariadb.jdbc.Connection@436f854d[0;39m
[2023-11-26 14:11:16 [32mINFO [0;39m http-nio-8082-exec-7] [com.zaxxer.hikari.HikariDataSource] [36mHikariPool-1 - Start completed.[0;39m
[2023-11-26 14:12:30 [32mINFO [0;39m SpringApplicationShutdownHook] [com.zaxxer.hikari.HikariDataSource] [36mHikariPool-1 - Shutdown initiated...[0;39m
[2023-11-26 14:12:30 [32mINFO [0;39m SpringApplicationShutdownHook] [com.zaxxer.hikari.HikariDataSource] [36mHikariPool-1 - Shutdown completed.[0;39m
[2023-11-26 14:47:31 [32mINFO [0;39m restartedMain] [practicegreengram.PracticegreengramApplication] [36mStarting PracticegreengramApplication using Java 17.0.9 with PID 9172 (C:\Users\user3\Desktop\programming\ê¸°ì—…ìš”êµ¬ë¥¼ ë°˜ì˜í•œ í”„ë¡œì íŠ¸ ì¤‘ì‹¬ java ë°±ì—”ë“œ í…ŒìŠ¤íŠ¸ ì£¼ë„ ê°œë°œì ì–‘ì„±ê³¼ì •\SPRING\practicegreengram\target\classes started by user3 in C:\Users\user3\Desktop\programming\ê¸°ì—…ìš”êµ¬ë¥¼ ë°˜ì˜í•œ í”„ë¡œì íŠ¸ ì¤‘ì‹¬ java ë°±ì—”ë“œ í…ŒìŠ¤íŠ¸ ì£¼ë„ ê°œë°œì ì–‘ì„±ê³¼ì •\SPRING\practicegreengram)[0;39m
[2023-11-26 14:47:31 [32mINFO [0;39m restartedMain] [practicegreengram.PracticegreengramApplication] [36mNo active profile set, falling back to 1 default profile: "default"[0;39m
[2023-11-26 14:47:31 [32mINFO [0;39m restartedMain] [org.springframework.boot.devtools.env.DevToolsPropertyDefaultsPostProcessor] [36mDevtools property defaults active! Set 'spring.devtools.add-properties' to 'false' to disable[0;39m
[2023-11-26 14:47:31 [32mINFO [0;39m restartedMain] [org.springframework.boot.devtools.env.DevToolsPropertyDefaultsPostProcessor] [36mFor additional web related logging consider setting the 'logging.level.web' property to 'DEBUG'[0;39m
[2023-11-26 14:47:34 [32mINFO [0;39m restartedMain] [org.springframework.boot.web.embedded.tomcat.TomcatWebServer] [36mTomcat initialized with port 8082 (http)[0;39m
[2023-11-26 14:47:34 [32mINFO [0;39m restartedMain] [org.apache.coyote.http11.Http11NioProtocol] [36mInitializing ProtocolHandler ["http-nio-8082"][0;39m
[2023-11-26 14:47:34 [32mINFO [0;39m restartedMain] [org.apache.catalina.core.StandardService] [36mStarting service [Tomcat][0;39m
[2023-11-26 14:47:34 [32mINFO [0;39m restartedMain] [org.apache.catalina.core.StandardEngine] [36mStarting Servlet engine: [Apache Tomcat/10.1.16][0;39m
[2023-11-26 14:47:34 [32mINFO [0;39m restartedMain] [org.apache.catalina.core.ContainerBase.[Tomcat].[localhost].[/]] [36mInitializing Spring embedded WebApplicationContext[0;39m
[2023-11-26 14:47:34 [32mINFO [0;39m restartedMain] [org.springframework.boot.web.servlet.context.ServletWebServerApplicationContext] [36mRoot WebApplicationContext: initialization completed in 2328 ms[0;39m
[2023-11-26 14:47:34 [32mINFO [0;39m restartedMain] [org.springframework.boot.autoconfigure.web.servlet.WelcomePageHandlerMapping] [36mAdding welcome page: class path resource [static/index.html][0;39m
[2023-11-26 14:47:35 [32mINFO [0;39m restartedMain] [org.springframework.boot.devtools.autoconfigure.OptionalLiveReloadServer] [36mLiveReload server is running on port 35729[0;39m
[2023-11-26 14:47:35 [32mINFO [0;39m restartedMain] [org.apache.coyote.http11.Http11NioProtocol] [36mStarting ProtocolHandler ["http-nio-8082"][0;39m
[2023-11-26 14:47:35 [32mINFO [0;39m restartedMain] [org.springframework.boot.web.embedded.tomcat.TomcatWebServer] [36mTomcat started on port 8082 (http) with context path ''[0;39m
[2023-11-26 14:47:35 [32mINFO [0;39m restartedMain] [practicegreengram.PracticegreengramApplication] [36mStarted PracticegreengramApplication in 4.789 seconds (process running for 6.958)[0;39m
[2023-11-26 14:47:56 [32mINFO [0;39m http-nio-8082-exec-1] [org.apache.catalina.core.ContainerBase.[Tomcat].[localhost].[/]] [36mInitializing Spring DispatcherServlet 'dispatcherServlet'[0;39m
[2023-11-26 14:47:56 [32mINFO [0;39m http-nio-8082-exec-1] [org.springframework.web.servlet.DispatcherServlet] [36mInitializing Servlet 'dispatcherServlet'[0;39m
[2023-11-26 14:47:56 [32mINFO [0;39m http-nio-8082-exec-1] [org.springframework.web.servlet.DispatcherServlet] [36mCompleted initialization in 2 ms[0;39m
[2023-11-26 14:47:56 [32mINFO [0;39m http-nio-8082-exec-6] [com.zaxxer.hikari.HikariDataSource] [36mHikariPool-1 - Starting...[0;39m
[2023-11-26 14:47:57 [32mINFO [0;39m http-nio-8082-exec-6] [com.zaxxer.hikari.pool.HikariPool] [36mHikariPool-1 - Added connection org.mariadb.jdbc.Connection@6234f83b[0;39m
[2023-11-26 14:47:57 [32mINFO [0;39m http-nio-8082-exec-6] [com.zaxxer.hikari.HikariDataSource] [36mHikariPool-1 - Start completed.[0;39m
[2023-11-26 14:49:39 [32mINFO [0;39m SpringApplicationShutdownHook] [com.zaxxer.hikari.HikariDataSource] [36mHikariPool-1 - Shutdown initiated...[0;39m
[2023-11-26 14:49:40 [32mINFO [0;39m SpringApplicationShutdownHook] [com.zaxxer.hikari.HikariDataSource] [36mHikariPool-1 - Shutdown completed.[0;39m
[2023-11-26 15:14:25 [32mINFO [0;39m restartedMain] [practicegreengram.PracticegreengramApplication] [36mStarting PracticegreengramApplication using Java 17.0.9 with PID 16052 (C:\Users\user3\Desktop\programming\ê¸°ì—…ìš”êµ¬ë¥¼ ë°˜ì˜í•œ í”„ë¡œì íŠ¸ ì¤‘ì‹¬ java ë°±ì—”ë“œ í…ŒìŠ¤íŠ¸ ì£¼ë„ ê°œë°œì ì–‘ì„±ê³¼ì •\SPRING\practicegreengram\target\classes started by user3 in C:\Users\user3\Desktop\programming\ê¸°ì—…ìš”êµ¬ë¥¼ ë°˜ì˜í•œ í”„ë¡œì íŠ¸ ì¤‘ì‹¬ java ë°±ì—”ë“œ í…ŒìŠ¤íŠ¸ ì£¼ë„ ê°œë°œì ì–‘ì„±ê³¼ì •\SPRING\practicegreengram)[0;39m
[2023-11-26 15:14:25 [32mINFO [0;39m restartedMain] [practicegreengram.PracticegreengramApplication] [36mNo active profile set, falling back to 1 default profile: "default"[0;39m
[2023-11-26 15:14:25 [32mINFO [0;39m restartedMain] [org.springframework.boot.devtools.env.DevToolsPropertyDefaultsPostProcessor] [36mDevtools property defaults active! Set 'spring.devtools.add-properties' to 'false' to disable[0;39m
[2023-11-26 15:14:25 [32mINFO [0;39m restartedMain] [org.springframework.boot.devtools.env.DevToolsPropertyDefaultsPostProcessor] [36mFor additional web related logging consider setting the 'logging.level.web' property to 'DEBUG'[0;39m
[2023-11-26 15:14:27 [32mINFO [0;39m restartedMain] [org.springframework.boot.web.embedded.tomcat.TomcatWebServer] [36mTomcat initialized with port 8082 (http)[0;39m
[2023-11-26 15:14:27 [32mINFO [0;39m restartedMain] [org.apache.coyote.http11.Http11NioProtocol] [36mInitializing ProtocolHandler ["http-nio-8082"][0;39m
[2023-11-26 15:14:27 [32mINFO [0;39m restartedMain] [org.apache.catalina.core.StandardService] [36mStarting service [Tomcat][0;39m
[2023-11-26 15:14:27 [32mINFO [0;39m restartedMain] [org.apache.catalina.core.StandardEngine] [36mStarting Servlet engine: [Apache Tomcat/10.1.16][0;39m
[2023-11-26 15:14:27 [32mINFO [0;39m restartedMain] [org.apache.catalina.core.ContainerBase.[Tomcat].[localhost].[/]] [36mInitializing Spring embedded WebApplicationContext[0;39m
[2023-11-26 15:14:27 [32mINFO [0;39m restartedMain] [org.springframework.boot.web.servlet.context.ServletWebServerApplicationContext] [36mRoot WebApplicationContext: initialization completed in 2165 ms[0;39m
[2023-11-26 15:14:28 [32mINFO [0;39m restartedMain] [org.springframework.boot.autoconfigure.web.servlet.WelcomePageHandlerMapping] [36mAdding welcome page: class path resource [static/index.html][0;39m
[2023-11-26 15:14:28 [32mINFO [0;39m restartedMain] [org.springframework.boot.devtools.autoconfigure.OptionalLiveReloadServer] [36mLiveReload server is running on port 35729[0;39m
[2023-11-26 15:14:28 [32mINFO [0;39m restartedMain] [org.apache.coyote.http11.Http11NioProtocol] [36mStarting ProtocolHandler ["http-nio-8082"][0;39m
[2023-11-26 15:14:28 [32mINFO [0;39m restartedMain] [org.springframework.boot.web.embedded.tomcat.TomcatWebServer] [36mTomcat started on port 8082 (http) with context path ''[0;39m
[2023-11-26 15:14:28 [32mINFO [0;39m restartedMain] [practicegreengram.PracticegreengramApplication] [36mStarted PracticegreengramApplication in 4.536 seconds (process running for 6.605)[0;39m
[2023-11-26 15:14:50 [32mINFO [0;39m http-nio-8082-exec-1] [org.apache.catalina.core.ContainerBase.[Tomcat].[localhost].[/]] [36mInitializing Spring DispatcherServlet 'dispatcherServlet'[0;39m
[2023-11-26 15:14:50 [32mINFO [0;39m http-nio-8082-exec-1] [org.springframework.web.servlet.DispatcherServlet] [36mInitializing Servlet 'dispatcherServlet'[0;39m
[2023-11-26 15:14:50 [32mINFO [0;39m http-nio-8082-exec-1] [org.springframework.web.servlet.DispatcherServlet] [36mCompleted initialization in 1 ms[0;39m
[2023-11-26 15:14:51 [32mINFO [0;39m http-nio-8082-exec-6] [com.zaxxer.hikari.HikariDataSource] [36mHikariPool-1 - Starting...[0;39m
[2023-11-26 15:14:51 [32mINFO [0;39m http-nio-8082-exec-6] [com.zaxxer.hikari.pool.HikariPool] [36mHikariPool-1 - Added connection org.mariadb.jdbc.Connection@e0c0930[0;39m
[2023-11-26 15:14:51 [32mINFO [0;39m http-nio-8082-exec-6] [com.zaxxer.hikari.HikariDataSource] [36mHikariPool-1 - Start completed.[0;39m
[2023-11-26 15:16:43 [32mINFO [0;39m http-nio-8082-exec-9] [practicegreengram.feed.FeedController] [36mdto : FeedDelDto(ifeed=21, iuser=1)[0;39m
[2023-11-26 15:17:56 [32mINFO [0;39m SpringApplicationShutdownHook] [com.zaxxer.hikari.HikariDataSource] [36mHikariPool-1 - Shutdown initiated...[0;39m
[2023-11-26 15:17:56 [32mINFO [0;39m SpringApplicationShutdownHook] [com.zaxxer.hikari.HikariDataSource] [36mHikariPool-1 - Shutdown completed.[0;39m
[2023-11-26 15:18:08 [32mINFO [0;39m restartedMain] [practicegreengram.PracticegreengramApplication] [36mStarting PracticegreengramApplication using Java 17.0.9 with PID 11296 (C:\Users\user3\Desktop\programming\ê¸°ì—…ìš”êµ¬ë¥¼ ë°˜ì˜í•œ í”„ë¡œì íŠ¸ ì¤‘ì‹¬ java ë°±ì—”ë“œ í…ŒìŠ¤íŠ¸ ì£¼ë„ ê°œë°œì ì–‘ì„±ê³¼ì •\SPRING\practicegreengram\target\classes started by user3 in C:\Users\user3\Desktop\programming\ê¸°ì—…ìš”êµ¬ë¥¼ ë°˜ì˜í•œ í”„ë¡œì íŠ¸ ì¤‘ì‹¬ java ë°±ì—”ë“œ í…ŒìŠ¤íŠ¸ ì£¼ë„ ê°œë°œì ì–‘ì„±ê³¼ì •\SPRING\practicegreengram)[0;39m
[2023-11-26 15:18:08 [32mINFO [0;39m restartedMain] [practicegreengram.PracticegreengramApplication] [36mNo active profile set, falling back to 1 default profile: "default"[0;39m
[2023-11-26 15:18:08 [32mINFO [0;39m restartedMain] [org.springframework.boot.devtools.env.DevToolsPropertyDefaultsPostProcessor] [36mDevtools property defaults active! Set 'spring.devtools.add-properties' to 'false' to disable[0;39m
[2023-11-26 15:18:08 [32mINFO [0;39m restartedMain] [org.springframework.boot.devtools.env.DevToolsPropertyDefaultsPostProcessor] [36mFor additional web related logging consider setting the 'logging.level.web' property to 'DEBUG'[0;39m
[2023-11-26 15:18:10 [32mINFO [0;39m restartedMain] [org.springframework.boot.web.embedded.tomcat.TomcatWebServer] [36mTomcat initialized with port 8082 (http)[0;39m
[2023-11-26 15:18:10 [32mINFO [0;39m restartedMain] [org.apache.coyote.http11.Http11NioProtocol] [36mInitializing ProtocolHandler ["http-nio-8082"][0;39m
[2023-11-26 15:18:10 [32mINFO [0;39m restartedMain] [org.apache.catalina.core.StandardService] [36mStarting service [Tomcat][0;39m
[2023-11-26 15:18:10 [32mINFO [0;39m restartedMain] [org.apache.catalina.core.StandardEngine] [36mStarting Servlet engine: [Apache Tomcat/10.1.16][0;39m
[2023-11-26 15:18:10 [32mINFO [0;39m restartedMain] [org.apache.catalina.core.ContainerBase.[Tomcat].[localhost].[/]] [36mInitializing Spring embedded WebApplicationContext[0;39m
[2023-11-26 15:18:10 [32mINFO [0;39m restartedMain] [org.springframework.boot.web.servlet.context.ServletWebServerApplicationContext] [36mRoot WebApplicationContext: initialization completed in 2117 ms[0;39m
[2023-11-26 15:18:11 [32mINFO [0;39m restartedMain] [org.springframework.boot.autoconfigure.web.servlet.WelcomePageHandlerMapping] [36mAdding welcome page: class path resource [static/index.html][0;39m
[2023-11-26 15:18:12 [32mINFO [0;39m restartedMain] [org.springframework.boot.devtools.autoconfigure.OptionalLiveReloadServer] [36mLiveReload server is running on port 35729[0;39m
[2023-11-26 15:18:12 [32mINFO [0;39m restartedMain] [org.apache.coyote.http11.Http11NioProtocol] [36mStarting ProtocolHandler ["http-nio-8082"][0;39m
[2023-11-26 15:18:12 [32mINFO [0;39m restartedMain] [org.springframework.boot.web.embedded.tomcat.TomcatWebServer] [36mTomcat started on port 8082 (http) with context path ''[0;39m
[2023-11-26 15:18:12 [32mINFO [0;39m restartedMain] [practicegreengram.PracticegreengramApplication] [36mStarted PracticegreengramApplication in 4.655 seconds (process running for 6.115)[0;39m
[2023-11-26 15:18:35 [32mINFO [0;39m http-nio-8082-exec-1] [org.apache.catalina.core.ContainerBase.[Tomcat].[localhost].[/]] [36mInitializing Spring DispatcherServlet 'dispatcherServlet'[0;39m
[2023-11-26 15:18:35 [32mINFO [0;39m http-nio-8082-exec-1] [org.springframework.web.servlet.DispatcherServlet] [36mInitializing Servlet 'dispatcherServlet'[0;39m
[2023-11-26 15:18:35 [32mINFO [0;39m http-nio-8082-exec-1] [org.springframework.web.servlet.DispatcherServlet] [36mCompleted initialization in 2 ms[0;39m
[2023-11-26 15:18:35 [32mINFO [0;39m http-nio-8082-exec-2] [com.zaxxer.hikari.HikariDataSource] [36mHikariPool-1 - Starting...[0;39m
[2023-11-26 15:18:35 [32mINFO [0;39m http-nio-8082-exec-2] [com.zaxxer.hikari.pool.HikariPool] [36mHikariPool-1 - Added connection org.mariadb.jdbc.Connection@4476c9db[0;39m
[2023-11-26 15:18:35 [32mINFO [0;39m http-nio-8082-exec-2] [com.zaxxer.hikari.HikariDataSource] [36mHikariPool-1 - Start completed.[0;39m
[2023-11-26 15:18:41 [32mINFO [0;39m http-nio-8082-exec-7] [practicegreengram.feed.FeedController] [36mdto : FeedDelDto(ifeed=21, iuser=1)[0;39m
[2023-11-26 15:21:05 [32mINFO [0;39m SpringApplicationShutdownHook] [com.zaxxer.hikari.HikariDataSource] [36mHikariPool-1 - Shutdown initiated...[0;39m
[2023-11-26 15:21:05 [32mINFO [0;39m SpringApplicationShutdownHook] [com.zaxxer.hikari.HikariDataSource] [36mHikariPool-1 - Shutdown completed.[0;39m
[2023-11-26 16:12:33 [32mINFO [0;39m restartedMain] [practicegreengram.PracticegreengramApplication] [36mStarting PracticegreengramApplication using Java 17.0.9 with PID 12160 (C:\Users\user3\Desktop\programming\ê¸°ì—…ìš”êµ¬ë¥¼ ë°˜ì˜í•œ í”„ë¡œì íŠ¸ ì¤‘ì‹¬ java ë°±ì—”ë“œ í…ŒìŠ¤íŠ¸ ì£¼ë„ ê°œë°œì ì–‘ì„±ê³¼ì •\SPRING\practicegreengram\target\classes started by user3 in C:\Users\user3\Desktop\programming\ê¸°ì—…ìš”êµ¬ë¥¼ ë°˜ì˜í•œ í”„ë¡œì íŠ¸ ì¤‘ì‹¬ java ë°±ì—”ë“œ í…ŒìŠ¤íŠ¸ ì£¼ë„ ê°œë°œì ì–‘ì„±ê³¼ì •\SPRING\practicegreengram)[0;39m
[2023-11-26 16:12:33 [32mINFO [0;39m restartedMain] [practicegreengram.PracticegreengramApplication] [36mNo active profile set, falling back to 1 default profile: "default"[0;39m
[2023-11-26 16:12:33 [32mINFO [0;39m restartedMain] [org.springframework.boot.devtools.env.DevToolsPropertyDefaultsPostProcessor] [36mDevtools property defaults active! Set 'spring.devtools.add-properties' to 'false' to disable[0;39m
[2023-11-26 16:12:33 [32mINFO [0;39m restartedMain] [org.springframework.boot.devtools.env.DevToolsPropertyDefaultsPostProcessor] [36mFor additional web related logging consider setting the 'logging.level.web' property to 'DEBUG'[0;39m
[2023-11-26 16:12:35 [32mINFO [0;39m restartedMain] [org.springframework.boot.web.embedded.tomcat.TomcatWebServer] [36mTomcat initialized with port 8082 (http)[0;39m
[2023-11-26 16:12:35 [32mINFO [0;39m restartedMain] [org.apache.coyote.http11.Http11NioProtocol] [36mInitializing ProtocolHandler ["http-nio-8082"][0;39m
[2023-11-26 16:12:35 [32mINFO [0;39m restartedMain] [org.apache.catalina.core.StandardService] [36mStarting service [Tomcat][0;39m
[2023-11-26 16:12:35 [32mINFO [0;39m restartedMain] [org.apache.catalina.core.StandardEngine] [36mStarting Servlet engine: [Apache Tomcat/10.1.16][0;39m
[2023-11-26 16:12:35 [32mINFO [0;39m restartedMain] [org.apache.catalina.core.ContainerBase.[Tomcat].[localhost].[/]] [36mInitializing Spring embedded WebApplicationContext[0;39m
[2023-11-26 16:12:35 [32mINFO [0;39m restartedMain] [org.springframework.boot.web.servlet.context.ServletWebServerApplicationContext] [36mRoot WebApplicationContext: initialization completed in 2237 ms[0;39m
[2023-11-26 16:12:36 [32mINFO [0;39m restartedMain] [org.springframework.boot.autoconfigure.web.servlet.WelcomePageHandlerMapping] [36mAdding welcome page: class path resource [static/index.html][0;39m
[2023-11-26 16:12:37 [32mINFO [0;39m restartedMain] [org.springframework.boot.devtools.autoconfigure.OptionalLiveReloadServer] [36mLiveReload server is running on port 35729[0;39m
[2023-11-26 16:12:37 [32mINFO [0;39m restartedMain] [org.apache.coyote.http11.Http11NioProtocol] [36mStarting ProtocolHandler ["http-nio-8082"][0;39m
[2023-11-26 16:12:37 [32mINFO [0;39m restartedMain] [org.springframework.boot.web.embedded.tomcat.TomcatWebServer] [36mTomcat started on port 8082 (http) with context path ''[0;39m
[2023-11-26 16:12:37 [32mINFO [0;39m restartedMain] [practicegreengram.PracticegreengramApplication] [36mStarted PracticegreengramApplication in 4.82 seconds (process running for 7.616)[0;39m
[2023-11-26 16:12:53 [32mINFO [0;39m http-nio-8082-exec-1] [org.apache.catalina.core.ContainerBase.[Tomcat].[localhost].[/]] [36mInitializing Spring DispatcherServlet 'dispatcherServlet'[0;39m
[2023-11-26 16:12:53 [32mINFO [0;39m http-nio-8082-exec-1] [org.springframework.web.servlet.DispatcherServlet] [36mInitializing Servlet 'dispatcherServlet'[0;39m
[2023-11-26 16:12:53 [32mINFO [0;39m http-nio-8082-exec-1] [org.springframework.web.servlet.DispatcherServlet] [36mCompleted initialization in 1 ms[0;39m
[2023-11-26 16:12:56 [32mINFO [0;39m http-nio-8082-exec-7] [com.zaxxer.hikari.HikariDataSource] [36mHikariPool-1 - Starting...[0;39m
[2023-11-26 16:12:57 [32mINFO [0;39m http-nio-8082-exec-7] [com.zaxxer.hikari.pool.HikariPool] [36mHikariPool-1 - Added connection org.mariadb.jdbc.Connection@2fc2391e[0;39m
[2023-11-26 16:12:57 [32mINFO [0;39m http-nio-8082-exec-7] [com.zaxxer.hikari.HikariDataSource] [36mHikariPool-1 - Start completed.[0;39m
[2023-11-26 16:14:52 [32mINFO [0;39m SpringApplicationShutdownHook] [com.zaxxer.hikari.HikariDataSource] [36mHikariPool-1 - Shutdown initiated...[0;39m
[2023-11-26 16:14:52 [32mINFO [0;39m SpringApplicationShutdownHook] [com.zaxxer.hikari.HikariDataSource] [36mHikariPool-1 - Shutdown completed.[0;39m
