[2023-11-25 22:16:40 [32mINFO [0;39m restartedMain] [practicegreengram.PracticegreengramApplication] [36mStarting PracticegreengramApplication using Java 17.0.9 with PID 15632 (C:\Users\user3\Desktop\programming\ê¸°ì—…ìš”êµ¬ë¥¼ ë°˜ì˜í•œ í”„ë¡œì íŠ¸ ì¤‘ì‹¬ java ë°±ì—”ë“œ í…ŒìŠ¤íŠ¸ ì£¼ë„ ê°œë°œì ì–‘ì„±ê³¼ì •\SPRING\practicegreengram\target\classes started by user3 in C:\Users\user3\Desktop\programming\ê¸°ì—…ìš”êµ¬ë¥¼ ë°˜ì˜í•œ í”„ë¡œì íŠ¸ ì¤‘ì‹¬ java ë°±ì—”ë“œ í…ŒìŠ¤íŠ¸ ì£¼ë„ ê°œë°œì ì–‘ì„±ê³¼ì •\SPRING\practicegreengram)[0;39m
[2023-11-25 22:16:40 [32mINFO [0;39m restartedMain] [practicegreengram.PracticegreengramApplication] [36mNo active profile set, falling back to 1 default profile: "default"[0;39m
[2023-11-25 22:16:40 [32mINFO [0;39m restartedMain] [org.springframework.boot.devtools.env.DevToolsPropertyDefaultsPostProcessor] [36mDevtools property defaults active! Set 'spring.devtools.add-properties' to 'false' to disable[0;39m
[2023-11-25 22:16:40 [32mINFO [0;39m restartedMain] [org.springframework.boot.devtools.env.DevToolsPropertyDefaultsPostProcessor] [36mFor additional web related logging consider setting the 'logging.level.web' property to 'DEBUG'[0;39m
[2023-11-25 22:16:42 [32mINFO [0;39m restartedMain] [org.springframework.boot.web.embedded.tomcat.TomcatWebServer] [36mTomcat initialized with port 8082 (http)[0;39m
[2023-11-25 22:16:42 [32mINFO [0;39m restartedMain] [org.apache.coyote.http11.Http11NioProtocol] [36mInitializing ProtocolHandler ["http-nio-8082"][0;39m
[2023-11-25 22:16:42 [32mINFO [0;39m restartedMain] [org.apache.catalina.core.StandardService] [36mStarting service [Tomcat][0;39m
[2023-11-25 22:16:42 [32mINFO [0;39m restartedMain] [org.apache.catalina.core.StandardEngine] [36mStarting Servlet engine: [Apache Tomcat/10.1.16][0;39m
[2023-11-25 22:16:42 [32mINFO [0;39m restartedMain] [org.apache.catalina.core.ContainerBase.[Tomcat].[localhost].[/]] [36mInitializing Spring embedded WebApplicationContext[0;39m
[2023-11-25 22:16:42 [32mINFO [0;39m restartedMain] [org.springframework.boot.web.servlet.context.ServletWebServerApplicationContext] [36mRoot WebApplicationContext: initialization completed in 2184 ms[0;39m
[2023-11-25 22:16:43 [32mINFO [0;39m restartedMain] [org.springframework.boot.devtools.autoconfigure.OptionalLiveReloadServer] [36mLiveReload server is running on port 35729[0;39m
[2023-11-25 22:16:43 [32mINFO [0;39m restartedMain] [org.apache.coyote.http11.Http11NioProtocol] [36mStarting ProtocolHandler ["http-nio-8082"][0;39m
[2023-11-25 22:16:43 [32mINFO [0;39m restartedMain] [org.springframework.boot.web.embedded.tomcat.TomcatWebServer] [36mTomcat started on port 8082 (http) with context path ''[0;39m
[2023-11-25 22:16:43 [32mINFO [0;39m restartedMain] [practicegreengram.PracticegreengramApplication] [36mStarted PracticegreengramApplication in 4.794 seconds (process running for 9.947)[0;39m
[2023-11-25 22:17:13 [32mINFO [0;39m File Watcher] [org.springframework.boot.devtools.autoconfigure.LocalDevToolsAutoConfiguration$RestartingClassPathChangeChangedEventListener] [36mRestarting due to 13 class path changes (0 additions, 12 deletions, 1 modification)[0;39m
[2023-11-25 22:17:13 [32mINFO [0;39m Thread-5] [org.apache.coyote.http11.Http11NioProtocol] [36mStopping ProtocolHandler ["http-nio-8082"][0;39m
[2023-11-25 22:17:13 [32mINFO [0;39m restartedMain] [practicegreengram.PracticegreengramApplication] [36mStarting PracticegreengramApplication using Java 17.0.9 with PID 15632 (C:\Users\user3\Desktop\programming\ê¸°ì—…ìš”êµ¬ë¥¼ ë°˜ì˜í•œ í”„ë¡œì íŠ¸ ì¤‘ì‹¬ java ë°±ì—”ë“œ í…ŒìŠ¤íŠ¸ ì£¼ë„ ê°œë°œì ì–‘ì„±ê³¼ì •\SPRING\practicegreengram\target\classes started by user3 in C:\Users\user3\Desktop\programming\ê¸°ì—…ìš”êµ¬ë¥¼ ë°˜ì˜í•œ í”„ë¡œì íŠ¸ ì¤‘ì‹¬ java ë°±ì—”ë“œ í…ŒìŠ¤íŠ¸ ì£¼ë„ ê°œë°œì ì–‘ì„±ê³¼ì •\SPRING\practicegreengram)[0;39m
[2023-11-25 22:17:13 [32mINFO [0;39m restartedMain] [practicegreengram.PracticegreengramApplication] [36mNo active profile set, falling back to 1 default profile: "default"[0;39m
[2023-11-25 22:17:13 [33mWARN [0;39m restartedMain] [org.mybatis.spring.mapper.ClassPathMapperScanner] [36mNo MyBatis mapper was found in '[practicegreengram]' package. Please check your configuration.[0;39m
[2023-11-25 22:17:13 [32mINFO [0;39m restartedMain] [org.springframework.boot.web.embedded.tomcat.TomcatWebServer] [36mTomcat initialized with port 8082 (http)[0;39m
[2023-11-25 22:17:13 [32mINFO [0;39m restartedMain] [org.apache.coyote.http11.Http11NioProtocol] [36mInitializing ProtocolHandler ["http-nio-8082"][0;39m
[2023-11-25 22:17:13 [32mINFO [0;39m restartedMain] [org.apache.catalina.core.StandardService] [36mStarting service [Tomcat][0;39m
[2023-11-25 22:17:13 [32mINFO [0;39m restartedMain] [org.apache.catalina.core.StandardEngine] [36mStarting Servlet engine: [Apache Tomcat/10.1.16][0;39m
[2023-11-25 22:17:13 [32mINFO [0;39m restartedMain] [org.apache.catalina.core.ContainerBase.[Tomcat].[localhost].[/]] [36mInitializing Spring embedded WebApplicationContext[0;39m
[2023-11-25 22:17:13 [32mINFO [0;39m restartedMain] [org.springframework.boot.web.servlet.context.ServletWebServerApplicationContext] [36mRoot WebApplicationContext: initialization completed in 558 ms[0;39m
[2023-11-25 22:17:14 [32mINFO [0;39m restartedMain] [org.springframework.boot.devtools.autoconfigure.OptionalLiveReloadServer] [36mLiveReload server is running on port 35729[0;39m
[2023-11-25 22:17:14 [32mINFO [0;39m restartedMain] [org.apache.coyote.http11.Http11NioProtocol] [36mStarting ProtocolHandler ["http-nio-8082"][0;39m
[2023-11-25 22:17:14 [32mINFO [0;39m restartedMain] [org.springframework.boot.web.embedded.tomcat.TomcatWebServer] [36mTomcat started on port 8082 (http) with context path ''[0;39m
[2023-11-25 22:17:14 [32mINFO [0;39m restartedMain] [practicegreengram.PracticegreengramApplication] [36mStarted PracticegreengramApplication in 0.922 seconds (process running for 40.397)[0;39m
[2023-11-25 22:17:14 [32mINFO [0;39m restartedMain] [org.springframework.boot.devtools.autoconfigure.ConditionEvaluationDeltaLoggingListener] [36mCondition evaluation unchanged[0;39m
[2023-11-25 22:17:17 [32mINFO [0;39m File Watcher] [org.springframework.boot.devtools.autoconfigure.LocalDevToolsAutoConfiguration$RestartingClassPathChangeChangedEventListener] [36mRestarting due to 12 class path changes (12 additions, 0 deletions, 0 modifications)[0;39m
[2023-11-25 22:17:17 [32mINFO [0;39m Thread-7] [org.apache.coyote.http11.Http11NioProtocol] [36mStopping ProtocolHandler ["http-nio-8082"][0;39m
[2023-11-25 22:17:17 [32mINFO [0;39m restartedMain] [practicegreengram.PracticegreengramApplication] [36mStarting PracticegreengramApplication using Java 17.0.9 with PID 15632 (C:\Users\user3\Desktop\programming\ê¸°ì—…ìš”êµ¬ë¥¼ ë°˜ì˜í•œ í”„ë¡œì íŠ¸ ì¤‘ì‹¬ java ë°±ì—”ë“œ í…ŒìŠ¤íŠ¸ ì£¼ë„ ê°œë°œì ì–‘ì„±ê³¼ì •\SPRING\practicegreengram\target\classes started by user3 in C:\Users\user3\Desktop\programming\ê¸°ì—…ìš”êµ¬ë¥¼ ë°˜ì˜í•œ í”„ë¡œì íŠ¸ ì¤‘ì‹¬ java ë°±ì—”ë“œ í…ŒìŠ¤íŠ¸ ì£¼ë„ ê°œë°œì ì–‘ì„±ê³¼ì •\SPRING\practicegreengram)[0;39m
[2023-11-25 22:17:17 [32mINFO [0;39m restartedMain] [practicegreengram.PracticegreengramApplication] [36mNo active profile set, falling back to 1 default profile: "default"[0;39m
[2023-11-25 22:17:18 [32mINFO [0;39m restartedMain] [org.springframework.boot.web.embedded.tomcat.TomcatWebServer] [36mTomcat initialized with port 8082 (http)[0;39m
[2023-11-25 22:17:18 [32mINFO [0;39m restartedMain] [org.apache.coyote.http11.Http11NioProtocol] [36mInitializing ProtocolHandler ["http-nio-8082"][0;39m
[2023-11-25 22:17:18 [32mINFO [0;39m restartedMain] [org.apache.catalina.core.StandardService] [36mStarting service [Tomcat][0;39m
[2023-11-25 22:17:18 [32mINFO [0;39m restartedMain] [org.apache.catalina.core.StandardEngine] [36mStarting Servlet engine: [Apache Tomcat/10.1.16][0;39m
[2023-11-25 22:17:18 [32mINFO [0;39m restartedMain] [org.apache.catalina.core.ContainerBase.[Tomcat].[localhost].[/]] [36mInitializing Spring embedded WebApplicationContext[0;39m
[2023-11-25 22:17:18 [32mINFO [0;39m restartedMain] [org.springframework.boot.web.servlet.context.ServletWebServerApplicationContext] [36mRoot WebApplicationContext: initialization completed in 460 ms[0;39m
[2023-11-25 22:17:18 [32mINFO [0;39m restartedMain] [org.springframework.boot.devtools.autoconfigure.OptionalLiveReloadServer] [36mLiveReload server is running on port 35729[0;39m
[2023-11-25 22:17:18 [32mINFO [0;39m restartedMain] [org.apache.coyote.http11.Http11NioProtocol] [36mStarting ProtocolHandler ["http-nio-8082"][0;39m
[2023-11-25 22:17:18 [32mINFO [0;39m restartedMain] [org.springframework.boot.web.embedded.tomcat.TomcatWebServer] [36mTomcat started on port 8082 (http) with context path ''[0;39m
[2023-11-25 22:17:18 [32mINFO [0;39m restartedMain] [practicegreengram.PracticegreengramApplication] [36mStarted PracticegreengramApplication in 0.721 seconds (process running for 44.64)[0;39m
[2023-11-25 22:17:18 [32mINFO [0;39m restartedMain] [org.springframework.boot.devtools.autoconfigure.ConditionEvaluationDeltaLoggingListener] [36mCondition evaluation unchanged[0;39m
[2023-11-25 22:18:28 [32mINFO [0;39m http-nio-8082-exec-2] [org.apache.catalina.core.ContainerBase.[Tomcat].[localhost].[/]] [36mInitializing Spring DispatcherServlet 'dispatcherServlet'[0;39m
[2023-11-25 22:18:28 [32mINFO [0;39m http-nio-8082-exec-2] [org.springframework.web.servlet.DispatcherServlet] [36mInitializing Servlet 'dispatcherServlet'[0;39m
[2023-11-25 22:18:28 [32mINFO [0;39m http-nio-8082-exec-2] [org.springframework.web.servlet.DispatcherServlet] [36mCompleted initialization in 1 ms[0;39m
[2023-11-25 22:18:28 [32mINFO [0;39m http-nio-8082-exec-2] [practicegreengram.user.UserController] [36msignup - dto: UserSignupDto(uid=ab, upw=12, nm=ab, pic=null)[0;39m
[2023-11-25 22:18:28 [32mINFO [0;39m http-nio-8082-exec-2] [com.zaxxer.hikari.HikariDataSource] [36mHikariPool-1 - Starting...[0;39m
[2023-11-25 22:18:29 [32mINFO [0;39m http-nio-8082-exec-2] [com.zaxxer.hikari.pool.HikariPool] [36mHikariPool-1 - Added connection org.mariadb.jdbc.Connection@330eb121[0;39m
[2023-11-25 22:18:29 [32mINFO [0;39m http-nio-8082-exec-2] [com.zaxxer.hikari.HikariDataSource] [36mHikariPool-1 - Start completed.[0;39m
[2023-11-25 22:19:15 [32mINFO [0;39m http-nio-8082-exec-3] [practicegreengram.user.UserController] [36msignup - dto: UserSignupDto(uid=abc, upw=123, nm=abc, pic=abc.jpg)[0;39m
[2023-11-25 22:22:21 [32mINFO [0;39m SpringApplicationShutdownHook] [com.zaxxer.hikari.HikariDataSource] [36mHikariPool-1 - Shutdown initiated...[0;39m
[2023-11-25 22:22:21 [32mINFO [0;39m SpringApplicationShutdownHook] [com.zaxxer.hikari.HikariDataSource] [36mHikariPool-1 - Shutdown completed.[0;39m
[2023-11-25 23:22:24 [32mINFO [0;39m restartedMain] [practicegreengram.PracticegreengramApplication] [36mStarting PracticegreengramApplication using Java 17.0.9 with PID 7600 (C:\Users\user3\Desktop\programming\ê¸°ì—…ìš”êµ¬ë¥¼ ë°˜ì˜í•œ í”„ë¡œì íŠ¸ ì¤‘ì‹¬ java ë°±ì—”ë“œ í…ŒìŠ¤íŠ¸ ì£¼ë„ ê°œë°œì ì–‘ì„±ê³¼ì •\SPRING\practicegreengram\target\classes started by user3 in C:\Users\user3\Desktop\programming\ê¸°ì—…ìš”êµ¬ë¥¼ ë°˜ì˜í•œ í”„ë¡œì íŠ¸ ì¤‘ì‹¬ java ë°±ì—”ë“œ í…ŒìŠ¤íŠ¸ ì£¼ë„ ê°œë°œì ì–‘ì„±ê³¼ì •\SPRING\practicegreengram)[0;39m
[2023-11-25 23:22:24 [32mINFO [0;39m restartedMain] [practicegreengram.PracticegreengramApplication] [36mNo active profile set, falling back to 1 default profile: "default"[0;39m
[2023-11-25 23:22:24 [32mINFO [0;39m restartedMain] [org.springframework.boot.devtools.env.DevToolsPropertyDefaultsPostProcessor] [36mDevtools property defaults active! Set 'spring.devtools.add-properties' to 'false' to disable[0;39m
[2023-11-25 23:22:24 [32mINFO [0;39m restartedMain] [org.springframework.boot.devtools.env.DevToolsPropertyDefaultsPostProcessor] [36mFor additional web related logging consider setting the 'logging.level.web' property to 'DEBUG'[0;39m
[2023-11-25 23:22:26 [32mINFO [0;39m restartedMain] [org.springframework.boot.web.embedded.tomcat.TomcatWebServer] [36mTomcat initialized with port 8082 (http)[0;39m
[2023-11-25 23:22:26 [32mINFO [0;39m restartedMain] [org.apache.coyote.http11.Http11NioProtocol] [36mInitializing ProtocolHandler ["http-nio-8082"][0;39m
[2023-11-25 23:22:26 [32mINFO [0;39m restartedMain] [org.apache.catalina.core.StandardService] [36mStarting service [Tomcat][0;39m
[2023-11-25 23:22:26 [32mINFO [0;39m restartedMain] [org.apache.catalina.core.StandardEngine] [36mStarting Servlet engine: [Apache Tomcat/10.1.16][0;39m
[2023-11-25 23:22:26 [32mINFO [0;39m restartedMain] [org.apache.catalina.core.ContainerBase.[Tomcat].[localhost].[/]] [36mInitializing Spring embedded WebApplicationContext[0;39m
[2023-11-25 23:22:26 [32mINFO [0;39m restartedMain] [org.springframework.boot.web.servlet.context.ServletWebServerApplicationContext] [36mRoot WebApplicationContext: initialization completed in 2298 ms[0;39m
[2023-11-25 23:22:27 [32mINFO [0;39m restartedMain] [org.springframework.boot.autoconfigure.web.servlet.WelcomePageHandlerMapping] [36mAdding welcome page: class path resource [static/index.html][0;39m
[2023-11-25 23:22:27 [32mINFO [0;39m restartedMain] [org.springframework.boot.devtools.autoconfigure.OptionalLiveReloadServer] [36mLiveReload server is running on port 35729[0;39m
[2023-11-25 23:22:27 [32mINFO [0;39m restartedMain] [org.apache.coyote.http11.Http11NioProtocol] [36mStarting ProtocolHandler ["http-nio-8082"][0;39m
[2023-11-25 23:22:27 [32mINFO [0;39m restartedMain] [org.springframework.boot.web.embedded.tomcat.TomcatWebServer] [36mTomcat started on port 8082 (http) with context path ''[0;39m
[2023-11-25 23:22:27 [32mINFO [0;39m restartedMain] [practicegreengram.PracticegreengramApplication] [36mStarted PracticegreengramApplication in 4.974 seconds (process running for 6.381)[0;39m
[2023-11-25 23:22:46 [32mINFO [0;39m File Watcher] [org.springframework.boot.devtools.autoconfigure.LocalDevToolsAutoConfiguration$RestartingClassPathChangeChangedEventListener] [36mRestarting due to 1 class path change (0 additions, 0 deletions, 1 modification)[0;39m
[2023-11-25 23:22:46 [32mINFO [0;39m Thread-5] [org.apache.coyote.http11.Http11NioProtocol] [36mStopping ProtocolHandler ["http-nio-8082"][0;39m
[2023-11-25 23:22:47 [32mINFO [0;39m restartedMain] [practicegreengram.PracticegreengramApplication] [36mStarting PracticegreengramApplication using Java 17.0.9 with PID 7600 (C:\Users\user3\Desktop\programming\ê¸°ì—…ìš”êµ¬ë¥¼ ë°˜ì˜í•œ í”„ë¡œì íŠ¸ ì¤‘ì‹¬ java ë°±ì—”ë“œ í…ŒìŠ¤íŠ¸ ì£¼ë„ ê°œë°œì ì–‘ì„±ê³¼ì •\SPRING\practicegreengram\target\classes started by user3 in C:\Users\user3\Desktop\programming\ê¸°ì—…ìš”êµ¬ë¥¼ ë°˜ì˜í•œ í”„ë¡œì íŠ¸ ì¤‘ì‹¬ java ë°±ì—”ë“œ í…ŒìŠ¤íŠ¸ ì£¼ë„ ê°œë°œì ì–‘ì„±ê³¼ì •\SPRING\practicegreengram)[0;39m
[2023-11-25 23:22:47 [32mINFO [0;39m restartedMain] [practicegreengram.PracticegreengramApplication] [36mNo active profile set, falling back to 1 default profile: "default"[0;39m
[2023-11-25 23:22:47 [32mINFO [0;39m restartedMain] [org.springframework.boot.web.embedded.tomcat.TomcatWebServer] [36mTomcat initialized with port 8082 (http)[0;39m
[2023-11-25 23:22:47 [32mINFO [0;39m restartedMain] [org.apache.coyote.http11.Http11NioProtocol] [36mInitializing ProtocolHandler ["http-nio-8082"][0;39m
[2023-11-25 23:22:47 [32mINFO [0;39m restartedMain] [org.apache.catalina.core.StandardService] [36mStarting service [Tomcat][0;39m
[2023-11-25 23:22:47 [32mINFO [0;39m restartedMain] [org.apache.catalina.core.StandardEngine] [36mStarting Servlet engine: [Apache Tomcat/10.1.16][0;39m
[2023-11-25 23:22:47 [32mINFO [0;39m restartedMain] [org.apache.catalina.core.ContainerBase.[Tomcat].[localhost].[/]] [36mInitializing Spring embedded WebApplicationContext[0;39m
[2023-11-25 23:22:47 [32mINFO [0;39m restartedMain] [org.springframework.boot.web.servlet.context.ServletWebServerApplicationContext] [36mRoot WebApplicationContext: initialization completed in 667 ms[0;39m
[2023-11-25 23:22:48 [32mINFO [0;39m restartedMain] [org.springframework.boot.autoconfigure.web.servlet.WelcomePageHandlerMapping] [36mAdding welcome page: class path resource [static/index.html][0;39m
[2023-11-25 23:22:48 [32mINFO [0;39m restartedMain] [org.springframework.boot.devtools.autoconfigure.OptionalLiveReloadServer] [36mLiveReload server is running on port 35729[0;39m
[2023-11-25 23:22:48 [32mINFO [0;39m restartedMain] [org.apache.coyote.http11.Http11NioProtocol] [36mStarting ProtocolHandler ["http-nio-8082"][0;39m
[2023-11-25 23:22:48 [32mINFO [0;39m restartedMain] [org.springframework.boot.web.embedded.tomcat.TomcatWebServer] [36mTomcat started on port 8082 (http) with context path ''[0;39m
[2023-11-25 23:22:48 [32mINFO [0;39m restartedMain] [practicegreengram.PracticegreengramApplication] [36mStarted PracticegreengramApplication in 0.96 seconds (process running for 26.747)[0;39m
[2023-11-25 23:22:48 [32mINFO [0;39m restartedMain] [org.springframework.boot.devtools.autoconfigure.ConditionEvaluationDeltaLoggingListener] [36mCondition evaluation unchanged[0;39m
[2023-11-25 23:23:51 [32mINFO [0;39m http-nio-8082-exec-2] [org.apache.catalina.core.ContainerBase.[Tomcat].[localhost].[/]] [36mInitializing Spring DispatcherServlet 'dispatcherServlet'[0;39m
[2023-11-25 23:23:51 [32mINFO [0;39m http-nio-8082-exec-2] [org.springframework.web.servlet.DispatcherServlet] [36mInitializing Servlet 'dispatcherServlet'[0;39m
[2023-11-25 23:23:51 [32mINFO [0;39m http-nio-8082-exec-2] [org.springframework.web.servlet.DispatcherServlet] [36mCompleted initialization in 5 ms[0;39m
[2023-11-25 23:23:51 [32mINFO [0;39m http-nio-8082-exec-2] [com.zaxxer.hikari.HikariDataSource] [36mHikariPool-1 - Starting...[0;39m
[2023-11-25 23:23:52 [32mINFO [0;39m http-nio-8082-exec-2] [com.zaxxer.hikari.pool.HikariPool] [36mHikariPool-1 - Added connection org.mariadb.jdbc.Connection@36154159[0;39m
[2023-11-25 23:23:52 [32mINFO [0;39m http-nio-8082-exec-2] [com.zaxxer.hikari.HikariDataSource] [36mHikariPool-1 - Start completed.[0;39m
[2023-11-25 23:23:52 [31mERROR[0;39m http-nio-8082-exec-2] [org.apache.catalina.core.ContainerBase.[Tomcat].[localhost].[/].[dispatcherServlet]] [36mServlet.service() for servlet [dispatcherServlet] in context with path [] threw exception [Request processing failed: java.lang.IllegalArgumentException: Invalid salt version] with root cause[0;39m
java.lang.IllegalArgumentException: Invalid salt version
	at org.mindrot.jbcrypt.BCrypt.hashpw(BCrypt.java:659)
	at org.mindrot.jbcrypt.BCrypt.checkpw(BCrypt.java:764)
	at practicegreengram.user.UserService.userSignin(UserService.java:48)
	at practicegreengram.user.UserController.userSignin(UserController.java:43)
	at java.base/jdk.internal.reflect.NativeMethodAccessorImpl.invoke0(Native Method)
	at java.base/jdk.internal.reflect.NativeMethodAccessorImpl.invoke(NativeMethodAccessorImpl.java:77)
	at java.base/jdk.internal.reflect.DelegatingMethodAccessorImpl.invoke(DelegatingMethodAccessorImpl.java:43)
	at java.base/java.lang.reflect.Method.invoke(Method.java:568)
	at org.springframework.web.method.support.InvocableHandlerMethod.doInvoke(InvocableHandlerMethod.java:254)
	at org.springframework.web.method.support.InvocableHandlerMethod.invokeForRequest(InvocableHandlerMethod.java:182)
	at org.springframework.web.servlet.mvc.method.annotation.ServletInvocableHandlerMethod.invokeAndHandle(ServletInvocableHandlerMethod.java:118)
	at org.springframework.web.servlet.mvc.method.annotation.RequestMappingHandlerAdapter.invokeHandlerMethod(RequestMappingHandlerAdapter.java:917)
	at org.springframework.web.servlet.mvc.method.annotation.RequestMappingHandlerAdapter.handleInternal(RequestMappingHandlerAdapter.java:829)
	at org.springframework.web.servlet.mvc.method.AbstractHandlerMethodAdapter.handle(AbstractHandlerMethodAdapter.java:87)
	at org.springframework.web.servlet.DispatcherServlet.doDispatch(DispatcherServlet.java:1089)
	at org.springframework.web.servlet.DispatcherServlet.doService(DispatcherServlet.java:979)
	at org.springframework.web.servlet.FrameworkServlet.processRequest(FrameworkServlet.java:1014)
	at org.springframework.web.servlet.FrameworkServlet.doPost(FrameworkServlet.java:914)
	at jakarta.servlet.http.HttpServlet.service(HttpServlet.java:590)
	at org.springframework.web.servlet.FrameworkServlet.service(FrameworkServlet.java:885)
	at jakarta.servlet.http.HttpServlet.service(HttpServlet.java:658)
	at org.apache.catalina.core.ApplicationFilterChain.internalDoFilter(ApplicationFilterChain.java:205)
	at org.apache.catalina.core.ApplicationFilterChain.doFilter(ApplicationFilterChain.java:149)
	at org.apache.tomcat.websocket.server.WsFilter.doFilter(WsFilter.java:51)
	at org.apache.catalina.core.ApplicationFilterChain.internalDoFilter(ApplicationFilterChain.java:174)
	at org.apache.catalina.core.ApplicationFilterChain.doFilter(ApplicationFilterChain.java:149)
	at org.springframework.web.filter.RequestContextFilter.doFilterInternal(RequestContextFilter.java:100)
	at org.springframework.web.filter.OncePerRequestFilter.doFilter(OncePerRequestFilter.java:116)
	at org.apache.catalina.core.ApplicationFilterChain.internalDoFilter(ApplicationFilterChain.java:174)
	at org.apache.catalina.core.ApplicationFilterChain.doFilter(ApplicationFilterChain.java:149)
	at org.springframework.web.filter.FormContentFilter.doFilterInternal(FormContentFilter.java:93)
	at org.springframework.web.filter.OncePerRequestFilter.doFilter(OncePerRequestFilter.java:116)
	at org.apache.catalina.core.ApplicationFilterChain.internalDoFilter(ApplicationFilterChain.java:174)
	at org.apache.catalina.core.ApplicationFilterChain.doFilter(ApplicationFilterChain.java:149)
	at org.springframework.web.filter.CharacterEncodingFilter.doFilterInternal(CharacterEncodingFilter.java:201)
	at org.springframework.web.filter.OncePerRequestFilter.doFilter(OncePerRequestFilter.java:116)
	at org.apache.catalina.core.ApplicationFilterChain.internalDoFilter(ApplicationFilterChain.java:174)
	at org.apache.catalina.core.ApplicationFilterChain.doFilter(ApplicationFilterChain.java:149)
	at org.apache.catalina.core.StandardWrapperValve.invoke(StandardWrapperValve.java:167)
	at org.apache.catalina.core.StandardContextValve.invoke(StandardContextValve.java:90)
	at org.apache.catalina.authenticator.AuthenticatorBase.invoke(AuthenticatorBase.java:482)
	at org.apache.catalina.core.StandardHostValve.invoke(StandardHostValve.java:115)
	at org.apache.catalina.valves.ErrorReportValve.invoke(ErrorReportValve.java:93)
	at org.apache.catalina.core.StandardEngineValve.invoke(StandardEngineValve.java:74)
	at org.apache.catalina.connector.CoyoteAdapter.service(CoyoteAdapter.java:340)
	at org.apache.coyote.http11.Http11Processor.service(Http11Processor.java:391)
	at org.apache.coyote.AbstractProcessorLight.process(AbstractProcessorLight.java:63)
	at org.apache.coyote.AbstractProtocol$ConnectionHandler.process(AbstractProtocol.java:896)
	at org.apache.tomcat.util.net.NioEndpoint$SocketProcessor.doRun(NioEndpoint.java:1744)
	at org.apache.tomcat.util.net.SocketProcessorBase.run(SocketProcessorBase.java:52)
	at org.apache.tomcat.util.threads.ThreadPoolExecutor.runWorker(ThreadPoolExecutor.java:1191)
	at org.apache.tomcat.util.threads.ThreadPoolExecutor$Worker.run(ThreadPoolExecutor.java:659)
	at org.apache.tomcat.util.threads.TaskThread$WrappingRunnable.run(TaskThread.java:61)
	at java.base/java.lang.Thread.run(Thread.java:840)
[2023-11-25 23:26:19 [32mINFO [0;39m SpringApplicationShutdownHook] [com.zaxxer.hikari.HikariDataSource] [36mHikariPool-1 - Shutdown initiated...[0;39m
[2023-11-25 23:26:19 [32mINFO [0;39m SpringApplicationShutdownHook] [com.zaxxer.hikari.HikariDataSource] [36mHikariPool-1 - Shutdown completed.[0;39m
[2023-11-25 23:26:27 [32mINFO [0;39m restartedMain] [practicegreengram.PracticegreengramApplication] [36mStarting PracticegreengramApplication using Java 17.0.9 with PID 14192 (C:\Users\user3\Desktop\programming\ê¸°ì—…ìš”êµ¬ë¥¼ ë°˜ì˜í•œ í”„ë¡œì íŠ¸ ì¤‘ì‹¬ java ë°±ì—”ë“œ í…ŒìŠ¤íŠ¸ ì£¼ë„ ê°œë°œì ì–‘ì„±ê³¼ì •\SPRING\practicegreengram\target\classes started by user3 in C:\Users\user3\Desktop\programming\ê¸°ì—…ìš”êµ¬ë¥¼ ë°˜ì˜í•œ í”„ë¡œì íŠ¸ ì¤‘ì‹¬ java ë°±ì—”ë“œ í…ŒìŠ¤íŠ¸ ì£¼ë„ ê°œë°œì ì–‘ì„±ê³¼ì •\SPRING\practicegreengram)[0;39m
[2023-11-25 23:26:27 [32mINFO [0;39m restartedMain] [practicegreengram.PracticegreengramApplication] [36mNo active profile set, falling back to 1 default profile: "default"[0;39m
[2023-11-25 23:26:27 [32mINFO [0;39m restartedMain] [org.springframework.boot.devtools.env.DevToolsPropertyDefaultsPostProcessor] [36mDevtools property defaults active! Set 'spring.devtools.add-properties' to 'false' to disable[0;39m
[2023-11-25 23:26:27 [32mINFO [0;39m restartedMain] [org.springframework.boot.devtools.env.DevToolsPropertyDefaultsPostProcessor] [36mFor additional web related logging consider setting the 'logging.level.web' property to 'DEBUG'[0;39m
[2023-11-25 23:26:29 [32mINFO [0;39m restartedMain] [org.springframework.boot.web.embedded.tomcat.TomcatWebServer] [36mTomcat initialized with port 8082 (http)[0;39m
[2023-11-25 23:26:29 [32mINFO [0;39m restartedMain] [org.apache.coyote.http11.Http11NioProtocol] [36mInitializing ProtocolHandler ["http-nio-8082"][0;39m
[2023-11-25 23:26:29 [32mINFO [0;39m restartedMain] [org.apache.catalina.core.StandardService] [36mStarting service [Tomcat][0;39m
[2023-11-25 23:26:29 [32mINFO [0;39m restartedMain] [org.apache.catalina.core.StandardEngine] [36mStarting Servlet engine: [Apache Tomcat/10.1.16][0;39m
[2023-11-25 23:26:29 [32mINFO [0;39m restartedMain] [org.apache.catalina.core.ContainerBase.[Tomcat].[localhost].[/]] [36mInitializing Spring embedded WebApplicationContext[0;39m
[2023-11-25 23:26:29 [32mINFO [0;39m restartedMain] [org.springframework.boot.web.servlet.context.ServletWebServerApplicationContext] [36mRoot WebApplicationContext: initialization completed in 1926 ms[0;39m
[2023-11-25 23:26:29 [32mINFO [0;39m restartedMain] [org.springframework.boot.autoconfigure.web.servlet.WelcomePageHandlerMapping] [36mAdding welcome page: class path resource [static/index.html][0;39m
[2023-11-25 23:26:30 [32mINFO [0;39m restartedMain] [org.springframework.boot.devtools.autoconfigure.OptionalLiveReloadServer] [36mLiveReload server is running on port 35729[0;39m
[2023-11-25 23:26:30 [32mINFO [0;39m restartedMain] [org.apache.coyote.http11.Http11NioProtocol] [36mStarting ProtocolHandler ["http-nio-8082"][0;39m
[2023-11-25 23:26:30 [32mINFO [0;39m restartedMain] [org.springframework.boot.web.embedded.tomcat.TomcatWebServer] [36mTomcat started on port 8082 (http) with context path ''[0;39m
[2023-11-25 23:26:30 [32mINFO [0;39m restartedMain] [practicegreengram.PracticegreengramApplication] [36mStarted PracticegreengramApplication in 4.525 seconds (process running for 5.838)[0;39m
[2023-11-25 23:26:43 [32mINFO [0;39m http-nio-8082-exec-1] [org.apache.catalina.core.ContainerBase.[Tomcat].[localhost].[/]] [36mInitializing Spring DispatcherServlet 'dispatcherServlet'[0;39m
[2023-11-25 23:26:43 [32mINFO [0;39m http-nio-8082-exec-1] [org.springframework.web.servlet.DispatcherServlet] [36mInitializing Servlet 'dispatcherServlet'[0;39m
[2023-11-25 23:26:43 [32mINFO [0;39m http-nio-8082-exec-1] [org.springframework.web.servlet.DispatcherServlet] [36mCompleted initialization in 1 ms[0;39m
[2023-11-25 23:26:44 [32mINFO [0;39m http-nio-8082-exec-1] [com.zaxxer.hikari.HikariDataSource] [36mHikariPool-1 - Starting...[0;39m
[2023-11-25 23:26:44 [32mINFO [0;39m http-nio-8082-exec-1] [com.zaxxer.hikari.pool.HikariPool] [36mHikariPool-1 - Added connection org.mariadb.jdbc.Connection@5438b164[0;39m
[2023-11-25 23:26:44 [32mINFO [0;39m http-nio-8082-exec-1] [com.zaxxer.hikari.HikariDataSource] [36mHikariPool-1 - Start completed.[0;39m
[2023-11-25 23:33:19 [32mINFO [0;39m SpringApplicationShutdownHook] [com.zaxxer.hikari.HikariDataSource] [36mHikariPool-1 - Shutdown initiated...[0;39m
[2023-11-25 23:33:19 [32mINFO [0;39m SpringApplicationShutdownHook] [com.zaxxer.hikari.HikariDataSource] [36mHikariPool-1 - Shutdown completed.[0;39m
